[2024-08-03T18:25:44.797+0000] {taskinstance.py:1159} INFO - Dependencies all met for dep_context=non-requeueable deps ti=<TaskInstance: etl_reddit_pipeline.reddit_extraction manual__2024-08-03T18:25:43.296587+00:00 [queued]>
[2024-08-03T18:25:44.806+0000] {taskinstance.py:1159} INFO - Dependencies all met for dep_context=requeueable deps ti=<TaskInstance: etl_reddit_pipeline.reddit_extraction manual__2024-08-03T18:25:43.296587+00:00 [queued]>
[2024-08-03T18:25:44.807+0000] {taskinstance.py:1361} INFO - Starting attempt 1 of 1
[2024-08-03T18:25:44.821+0000] {taskinstance.py:1382} INFO - Executing <Task(PythonOperator): reddit_extraction> on 2024-08-03 18:25:43.296587+00:00
[2024-08-03T18:25:44.827+0000] {standard_task_runner.py:57} INFO - Started process 90 to run task
[2024-08-03T18:25:44.830+0000] {standard_task_runner.py:84} INFO - Running: ['airflow', 'tasks', 'run', 'etl_reddit_pipeline', 'reddit_extraction', 'manual__2024-08-03T18:25:43.296587+00:00', '--job-id', '653', '--raw', '--subdir', 'DAGS_FOLDER/reddit_dag.py', '--cfg-path', '/tmp/tmp1ew6sex4']
[2024-08-03T18:25:44.833+0000] {standard_task_runner.py:85} INFO - Job 653: Subtask reddit_extraction
[2024-08-03T18:25:44.889+0000] {task_command.py:416} INFO - Running <TaskInstance: etl_reddit_pipeline.reddit_extraction manual__2024-08-03T18:25:43.296587+00:00 [running]> on host 8eab068d030e
[2024-08-03T18:25:44.991+0000] {taskinstance.py:1662} INFO - Exporting env vars: AIRFLOW_CTX_DAG_OWNER='Seif Yasser' AIRFLOW_CTX_DAG_ID='etl_reddit_pipeline' AIRFLOW_CTX_TASK_ID='reddit_extraction' AIRFLOW_CTX_EXECUTION_DATE='2024-08-03T18:25:43.296587+00:00' AIRFLOW_CTX_TRY_NUMBER='1' AIRFLOW_CTX_DAG_RUN_ID='manual__2024-08-03T18:25:43.296587+00:00'
[2024-08-03T18:25:44.994+0000] {logging_mixin.py:151} INFO - connected to reddit!
[2024-08-03T18:25:46.081+0000] {logging_mixin.py:151} INFO - {'comment_limit': 2048, 'comment_sort': 'confidence', '_reddit': <praw.reddit.Reddit object at 0x7f682b1ddbe0>, 'approved_at_utc': None, 'subreddit': Subreddit(display_name='dataengineering'), 'selftext': 'Do you work in retail,finance,tech,Healthcare,etc? Do you enjoy the industry you work in as a Data Engineer. ', 'author_fullname': 't2_3v3qhgn7', 'saved': False, 'mod_reason_title': None, 'gilded': 0, 'clicked': False, 'title': 'What Industry Do You Work In As A Data Engineer ', 'link_flair_richtext': [], 'subreddit_name_prefixed': 'r/dataengineering', 'hidden': False, 'pwls': 6, 'link_flair_css_class': '', 'downs': 0, 'thumbnail_height': None, 'top_awarded_type': None, 'hide_score': False, 'name': 't3_1eivu0m', 'quarantine': False, 'link_flair_text_color': 'light', 'upvote_ratio': 0.93, 'author_flair_background_color': None, 'subreddit_type': 'public', 'ups': 64, 'total_awards_received': 0, 'media_embed': {}, 'thumbnail_width': None, 'author_flair_template_id': None, 'is_original_content': False, 'user_reports': [], 'secure_media': None, 'is_reddit_media_domain': False, 'is_meta': False, 'category': None, 'secure_media_embed': {}, 'link_flair_text': 'Discussion', 'can_mod_post': False, 'score': 64, 'approved_by': None, 'is_created_from_ads_ui': False, 'author_premium': False, 'thumbnail': 'self', 'edited': False, 'author_flair_css_class': None, 'author_flair_richtext': [], 'gildings': {}, 'content_categories': None, 'is_self': True, 'mod_note': None, 'created': 1722663923.0, 'link_flair_type': 'text', 'wls': 6, 'removed_by_category': None, 'banned_by': None, 'author_flair_type': 'text', 'domain': 'self.dataengineering', 'allow_live_comments': False, 'selftext_html': '<!-- SC_OFF --><div class="md"><p>Do you work in retail,finance,tech,Healthcare,etc? Do you enjoy the industry you work in as a Data Engineer. </p>\n</div><!-- SC_ON -->', 'likes': None, 'suggested_sort': None, 'banned_at_utc': None, 'view_count': None, 'archived': False, 'no_follow': False, 'is_crosspostable': False, 'pinned': False, 'over_18': False, 'all_awardings': [], 'awarders': [], 'media_only': False, 'link_flair_template_id': '92b74b58-aaca-11eb-b160-0e6181e3773f', 'can_gild': False, 'spoiler': False, 'locked': False, 'author_flair_text': None, 'treatment_tags': [], 'visited': False, 'removed_by': None, 'num_reports': None, 'distinguished': None, 'subreddit_id': 't5_36en4', 'author_is_blocked': False, 'mod_reason_by': None, 'removal_reason': None, 'link_flair_background_color': '#ff4500', 'id': '1eivu0m', 'is_robot_indexable': True, 'report_reasons': None, 'author': Redditor(name='valorallure01'), 'discussion_type': None, 'num_comments': 143, 'send_replies': True, 'whitelist_status': 'all_ads', 'contest_mode': False, 'mod_reports': [], 'author_patreon_flair': False, 'author_flair_text_color': None, 'permalink': '/r/dataengineering/comments/1eivu0m/what_industry_do_you_work_in_as_a_data_engineer/', 'parent_whitelist_status': 'all_ads', 'stickied': False, 'url': 'https://www.reddit.com/r/dataengineering/comments/1eivu0m/what_industry_do_you_work_in_as_a_data_engineer/', 'subreddit_subscribers': 201710, 'created_utc': 1722663923.0, 'num_crossposts': 0, 'media': None, 'is_video': False, '_fetched': False, '_additional_fetch_params': {}, '_comments_by_id': {}}
[2024-08-03T18:25:46.081+0000] {taskinstance.py:1937} ERROR - Task failed with exception
Traceback (most recent call last):
  File "/home/airflow/.local/lib/python3.9/site-packages/airflow/operators/python.py", line 192, in execute
    return_value = self.execute_callable()
  File "/home/airflow/.local/lib/python3.9/site-packages/airflow/operators/python.py", line 209, in execute_callable
    return self.python_callable(*self.op_args, **self.op_kwargs)
  File "/opt/airflow/pipelines/reddit_pipeline.py", line 11, in reddit_pipeline
    posts = extract_posts(instance, subreddit, time_filter, limit)
  File "/opt/airflow/etls/reddit_etl.py", line 31, in extract_posts
    post = {key: post_dict.get[key] for key in POST_FIELDS}
  File "/opt/airflow/etls/reddit_etl.py", line 31, in <dictcomp>
    post = {key: post_dict.get[key] for key in POST_FIELDS}
TypeError: 'builtin_function_or_method' object is not subscriptable
[2024-08-03T18:25:46.095+0000] {taskinstance.py:1400} INFO - Marking task as FAILED. dag_id=etl_reddit_pipeline, task_id=reddit_extraction, execution_date=20240803T182543, start_date=20240803T182544, end_date=20240803T182546
[2024-08-03T18:25:46.109+0000] {standard_task_runner.py:104} ERROR - Failed to execute job 653 for task reddit_extraction ('builtin_function_or_method' object is not subscriptable; 90)
[2024-08-03T18:25:46.129+0000] {local_task_job_runner.py:228} INFO - Task exited with return code 1
[2024-08-03T18:25:46.148+0000] {taskinstance.py:2778} INFO - 0 downstream tasks scheduled from follow-on schedule check
