[2024-08-10T16:26:17.524+0000] {taskinstance.py:1159} INFO - Dependencies all met for dep_context=non-requeueable deps ti=<TaskInstance: etl_reddit_pipeline.reddit_extraction scheduled__2024-08-09T00:00:00+00:00 [queued]>
[2024-08-10T16:26:17.540+0000] {taskinstance.py:1159} INFO - Dependencies all met for dep_context=requeueable deps ti=<TaskInstance: etl_reddit_pipeline.reddit_extraction scheduled__2024-08-09T00:00:00+00:00 [queued]>
[2024-08-10T16:26:17.541+0000] {taskinstance.py:1361} INFO - Starting attempt 1 of 1
[2024-08-10T16:26:17.700+0000] {taskinstance.py:1382} INFO - Executing <Task(PythonOperator): reddit_extraction> on 2024-08-09 00:00:00+00:00
[2024-08-10T16:26:17.707+0000] {standard_task_runner.py:57} INFO - Started process 56 to run task
[2024-08-10T16:26:17.711+0000] {standard_task_runner.py:84} INFO - Running: ['airflow', 'tasks', 'run', 'etl_reddit_pipeline', 'reddit_extraction', 'scheduled__2024-08-09T00:00:00+00:00', '--job-id', '679', '--raw', '--subdir', 'DAGS_FOLDER/reddit_dag.py', '--cfg-path', '/tmp/tmpi6hz9rhp']
[2024-08-10T16:26:17.719+0000] {standard_task_runner.py:85} INFO - Job 679: Subtask reddit_extraction
[2024-08-10T16:26:17.828+0000] {task_command.py:416} INFO - Running <TaskInstance: etl_reddit_pipeline.reddit_extraction scheduled__2024-08-09T00:00:00+00:00 [running]> on host 8eab068d030e
[2024-08-10T16:26:18.054+0000] {taskinstance.py:1662} INFO - Exporting env vars: AIRFLOW_CTX_DAG_OWNER='Seif Yasser' AIRFLOW_CTX_DAG_ID='etl_reddit_pipeline' AIRFLOW_CTX_TASK_ID='reddit_extraction' AIRFLOW_CTX_EXECUTION_DATE='2024-08-09T00:00:00+00:00' AIRFLOW_CTX_TRY_NUMBER='1' AIRFLOW_CTX_DAG_RUN_ID='scheduled__2024-08-09T00:00:00+00:00'
[2024-08-10T16:26:18.430+0000] {logging_mixin.py:151} INFO - connected to reddit!
[2024-08-10T16:26:19.733+0000] {python.py:194} INFO - Done. Returned value was: /opt/airflow/data/output/reddit_20240810.csv
[2024-08-10T16:26:19.771+0000] {taskinstance.py:1400} INFO - Marking task as SUCCESS. dag_id=etl_reddit_pipeline, task_id=reddit_extraction, execution_date=20240809T000000, start_date=20240810T162617, end_date=20240810T162619
[2024-08-10T16:26:19.814+0000] {local_task_job_runner.py:228} INFO - Task exited with return code 0
[2024-08-10T16:26:19.849+0000] {taskinstance.py:2778} INFO - 0 downstream tasks scheduled from follow-on schedule check
[2024-08-13T19:09:18.960+0000] {taskinstance.py:1159} INFO - Dependencies all met for dep_context=non-requeueable deps ti=<TaskInstance: etl_reddit_pipeline.reddit_extraction scheduled__2024-08-09T00:00:00+00:00 [queued]>
[2024-08-13T19:09:18.994+0000] {taskinstance.py:1159} INFO - Dependencies all met for dep_context=requeueable deps ti=<TaskInstance: etl_reddit_pipeline.reddit_extraction scheduled__2024-08-09T00:00:00+00:00 [queued]>
[2024-08-13T19:09:18.996+0000] {taskinstance.py:1361} INFO - Starting attempt 1 of 1
[2024-08-13T19:09:19.047+0000] {taskinstance.py:1382} INFO - Executing <Task(PythonOperator): reddit_extraction> on 2024-08-09 00:00:00+00:00
[2024-08-13T19:09:19.058+0000] {standard_task_runner.py:57} INFO - Started process 80 to run task
[2024-08-13T19:09:19.067+0000] {standard_task_runner.py:84} INFO - Running: ['airflow', 'tasks', 'run', 'etl_reddit_pipeline', 'reddit_extraction', 'scheduled__2024-08-09T00:00:00+00:00', '--job-id', '10', '--raw', '--subdir', 'DAGS_FOLDER/reddit_dag.py', '--cfg-path', '/tmp/tmp81g6fk6p']
[2024-08-13T19:09:19.074+0000] {standard_task_runner.py:85} INFO - Job 10: Subtask reddit_extraction
[2024-08-13T19:09:19.247+0000] {task_command.py:416} INFO - Running <TaskInstance: etl_reddit_pipeline.reddit_extraction scheduled__2024-08-09T00:00:00+00:00 [running]> on host fdf0cefe5923
[2024-08-13T19:09:19.440+0000] {taskinstance.py:1662} INFO - Exporting env vars: AIRFLOW_CTX_DAG_OWNER='Seif Yasser' AIRFLOW_CTX_DAG_ID='etl_reddit_pipeline' AIRFLOW_CTX_TASK_ID='reddit_extraction' AIRFLOW_CTX_EXECUTION_DATE='2024-08-09T00:00:00+00:00' AIRFLOW_CTX_TRY_NUMBER='1' AIRFLOW_CTX_DAG_RUN_ID='scheduled__2024-08-09T00:00:00+00:00'
[2024-08-13T19:09:19.932+0000] {logging_mixin.py:151} INFO - connected to reddit!
[2024-08-13T19:09:21.497+0000] {python.py:194} INFO - Done. Returned value was: /opt/airflow/data/output/reddit_20240813.csv
[2024-08-13T19:09:21.623+0000] {taskinstance.py:1400} INFO - Marking task as SUCCESS. dag_id=etl_reddit_pipeline, task_id=reddit_extraction, execution_date=20240809T000000, start_date=20240813T190918, end_date=20240813T190921
[2024-08-13T19:09:21.723+0000] {local_task_job_runner.py:228} INFO - Task exited with return code 0
[2024-08-13T19:09:21.932+0000] {taskinstance.py:2778} INFO - 0 downstream tasks scheduled from follow-on schedule check
