[2024-08-11T00:00:01.987+0000] {taskinstance.py:1159} INFO - Dependencies all met for dep_context=non-requeueable deps ti=<TaskInstance: etl_reddit_pipeline.reddit_extraction scheduled__2024-08-10T00:00:00+00:00 [queued]>
[2024-08-11T00:00:01.996+0000] {taskinstance.py:1159} INFO - Dependencies all met for dep_context=requeueable deps ti=<TaskInstance: etl_reddit_pipeline.reddit_extraction scheduled__2024-08-10T00:00:00+00:00 [queued]>
[2024-08-11T00:00:01.997+0000] {taskinstance.py:1361} INFO - Starting attempt 1 of 1
[2024-08-11T00:00:02.011+0000] {taskinstance.py:1382} INFO - Executing <Task(PythonOperator): reddit_extraction> on 2024-08-10 00:00:00+00:00
[2024-08-11T00:00:02.017+0000] {standard_task_runner.py:57} INFO - Started process 62 to run task
[2024-08-11T00:00:02.020+0000] {standard_task_runner.py:84} INFO - Running: ['airflow', 'tasks', 'run', 'etl_reddit_pipeline', 'reddit_extraction', 'scheduled__2024-08-10T00:00:00+00:00', '--job-id', '682', '--raw', '--subdir', 'DAGS_FOLDER/reddit_dag.py', '--cfg-path', '/tmp/tmpiu77mbae']
[2024-08-11T00:00:02.023+0000] {standard_task_runner.py:85} INFO - Job 682: Subtask reddit_extraction
[2024-08-11T00:00:02.075+0000] {task_command.py:416} INFO - Running <TaskInstance: etl_reddit_pipeline.reddit_extraction scheduled__2024-08-10T00:00:00+00:00 [running]> on host 8eab068d030e
[2024-08-11T00:00:02.164+0000] {taskinstance.py:1662} INFO - Exporting env vars: AIRFLOW_CTX_DAG_OWNER='Seif Yasser' AIRFLOW_CTX_DAG_ID='etl_reddit_pipeline' AIRFLOW_CTX_TASK_ID='reddit_extraction' AIRFLOW_CTX_EXECUTION_DATE='2024-08-10T00:00:00+00:00' AIRFLOW_CTX_TRY_NUMBER='1' AIRFLOW_CTX_DAG_RUN_ID='scheduled__2024-08-10T00:00:00+00:00'
[2024-08-11T00:00:02.540+0000] {logging_mixin.py:151} INFO - connected to reddit!
[2024-08-11T00:00:03.732+0000] {python.py:194} INFO - Done. Returned value was: /opt/airflow/data/output/reddit_20240811.csv
[2024-08-11T00:00:03.755+0000] {taskinstance.py:1400} INFO - Marking task as SUCCESS. dag_id=etl_reddit_pipeline, task_id=reddit_extraction, execution_date=20240810T000000, start_date=20240811T000001, end_date=20240811T000003
[2024-08-11T00:00:03.802+0000] {local_task_job_runner.py:228} INFO - Task exited with return code 0
[2024-08-11T00:00:03.819+0000] {taskinstance.py:2778} INFO - 0 downstream tasks scheduled from follow-on schedule check
[2024-08-13T19:09:19.231+0000] {taskinstance.py:1159} INFO - Dependencies all met for dep_context=non-requeueable deps ti=<TaskInstance: etl_reddit_pipeline.reddit_extraction scheduled__2024-08-10T00:00:00+00:00 [queued]>
[2024-08-13T19:09:19.288+0000] {taskinstance.py:1159} INFO - Dependencies all met for dep_context=requeueable deps ti=<TaskInstance: etl_reddit_pipeline.reddit_extraction scheduled__2024-08-10T00:00:00+00:00 [queued]>
[2024-08-13T19:09:19.289+0000] {taskinstance.py:1361} INFO - Starting attempt 1 of 1
[2024-08-13T19:09:19.334+0000] {taskinstance.py:1382} INFO - Executing <Task(PythonOperator): reddit_extraction> on 2024-08-10 00:00:00+00:00
[2024-08-13T19:09:19.345+0000] {standard_task_runner.py:57} INFO - Started process 81 to run task
[2024-08-13T19:09:19.360+0000] {standard_task_runner.py:84} INFO - Running: ['airflow', 'tasks', 'run', 'etl_reddit_pipeline', 'reddit_extraction', 'scheduled__2024-08-10T00:00:00+00:00', '--job-id', '11', '--raw', '--subdir', 'DAGS_FOLDER/reddit_dag.py', '--cfg-path', '/tmp/tmpn9mf6ooq']
[2024-08-13T19:09:19.373+0000] {standard_task_runner.py:85} INFO - Job 11: Subtask reddit_extraction
[2024-08-13T19:09:19.483+0000] {task_command.py:416} INFO - Running <TaskInstance: etl_reddit_pipeline.reddit_extraction scheduled__2024-08-10T00:00:00+00:00 [running]> on host fdf0cefe5923
[2024-08-13T19:09:19.647+0000] {taskinstance.py:1662} INFO - Exporting env vars: AIRFLOW_CTX_DAG_OWNER='Seif Yasser' AIRFLOW_CTX_DAG_ID='etl_reddit_pipeline' AIRFLOW_CTX_TASK_ID='reddit_extraction' AIRFLOW_CTX_EXECUTION_DATE='2024-08-10T00:00:00+00:00' AIRFLOW_CTX_TRY_NUMBER='1' AIRFLOW_CTX_DAG_RUN_ID='scheduled__2024-08-10T00:00:00+00:00'
[2024-08-13T19:09:19.653+0000] {logging_mixin.py:151} INFO - connected to reddit!
[2024-08-13T19:09:21.070+0000] {python.py:194} INFO - Done. Returned value was: /opt/airflow/data/output/reddit_20240813.csv
[2024-08-13T19:09:21.128+0000] {taskinstance.py:1400} INFO - Marking task as SUCCESS. dag_id=etl_reddit_pipeline, task_id=reddit_extraction, execution_date=20240810T000000, start_date=20240813T190919, end_date=20240813T190921
[2024-08-13T19:09:21.528+0000] {local_task_job_runner.py:228} INFO - Task exited with return code 0
[2024-08-13T19:09:21.607+0000] {taskinstance.py:2778} INFO - 0 downstream tasks scheduled from follow-on schedule check
