[2024-08-01T19:04:23.921+0000] {taskinstance.py:1159} INFO - Dependencies all met for dep_context=non-requeueable deps ti=<TaskInstance: reddit_pipeline_dag.run_reddit_pipeline scheduled__2024-04-20T00:00:00+00:00 [queued]>
[2024-08-01T19:04:23.938+0000] {taskinstance.py:1159} INFO - Dependencies all met for dep_context=requeueable deps ti=<TaskInstance: reddit_pipeline_dag.run_reddit_pipeline scheduled__2024-04-20T00:00:00+00:00 [queued]>
[2024-08-01T19:04:23.939+0000] {taskinstance.py:1361} INFO - Starting attempt 1 of 1
[2024-08-01T19:04:23.961+0000] {taskinstance.py:1382} INFO - Executing <Task(PythonOperator): run_reddit_pipeline> on 2024-04-20 00:00:00+00:00
[2024-08-01T19:04:23.967+0000] {standard_task_runner.py:57} INFO - Started process 1023 to run task
[2024-08-01T19:04:23.973+0000] {standard_task_runner.py:84} INFO - Running: ['airflow', 'tasks', 'run', 'reddit_pipeline_dag', 'run_reddit_pipeline', 'scheduled__2024-04-20T00:00:00+00:00', '--job-id', '502', '--raw', '--subdir', 'DAGS_FOLDER/reddit_dag.py', '--cfg-path', '/tmp/tmpws08glsw']
[2024-08-01T19:04:23.974+0000] {standard_task_runner.py:85} INFO - Job 502: Subtask run_reddit_pipeline
[2024-08-01T19:04:24.052+0000] {task_command.py:416} INFO - Running <TaskInstance: reddit_pipeline_dag.run_reddit_pipeline scheduled__2024-04-20T00:00:00+00:00 [running]> on host 8eab068d030e
[2024-08-01T19:04:24.185+0000] {taskinstance.py:1662} INFO - Exporting env vars: AIRFLOW_CTX_DAG_OWNER='airflow' AIRFLOW_CTX_DAG_ID='reddit_pipeline_dag' AIRFLOW_CTX_TASK_ID='run_reddit_pipeline' AIRFLOW_CTX_EXECUTION_DATE='2024-04-20T00:00:00+00:00' AIRFLOW_CTX_TRY_NUMBER='1' AIRFLOW_CTX_DAG_RUN_ID='scheduled__2024-04-20T00:00:00+00:00'
[2024-08-01T19:04:25.115+0000] {logging_mixin.py:151} INFO - Does being an engineer/coder mean just looking up all the answers to your problems?
[2024-08-01T19:04:25.116+0000] {logging_mixin.py:151} INFO - Will my eBay script get me banned?
[2024-08-01T19:04:25.117+0000] {logging_mixin.py:151} INFO - Why did you choose Python over Golang for backend development?
[2024-08-01T19:04:25.117+0000] {logging_mixin.py:151} INFO - How do I stop numbers going below 0 in Python?
[2024-08-01T19:04:25.118+0000] {logging_mixin.py:151} INFO - Learn python the hard way-OOP
[2024-08-01T19:04:25.119+0000] {logging_mixin.py:151} INFO - Completed a Python tutorial. What do I do next?
[2024-08-01T19:04:25.121+0000] {logging_mixin.py:151} INFO - How to teach python to an absolute beginner who is unmotivated?
[2024-08-01T19:04:25.122+0000] {logging_mixin.py:151} INFO - Why is exec() and eval() not considered good practice?
[2024-08-01T19:04:25.122+0000] {logging_mixin.py:151} INFO - What is Python used for in Physics?
[2024-08-01T19:04:25.123+0000] {logging_mixin.py:151} INFO - Best Python books for Data Structure and Algorithms (DSA) ? 
[2024-08-01T19:04:25.124+0000] {python.py:194} INFO - Done. Returned value was: None
[2024-08-01T19:04:25.150+0000] {taskinstance.py:1400} INFO - Marking task as SUCCESS. dag_id=reddit_pipeline_dag, task_id=run_reddit_pipeline, execution_date=20240420T000000, start_date=20240801T190423, end_date=20240801T190425
[2024-08-01T19:04:25.400+0000] {local_task_job_runner.py:228} INFO - Task exited with return code 0
[2024-08-01T19:04:25.472+0000] {taskinstance.py:2778} INFO - 0 downstream tasks scheduled from follow-on schedule check
