[2024-07-29T20:53:34.619+0000] {taskinstance.py:1159} INFO - Dependencies all met for dep_context=non-requeueable deps ti=<TaskInstance: etl_reddit_pipeline.reddit_extraction manual__2024-07-29T20:53:32.655240+00:00 [queued]>
[2024-07-29T20:53:34.636+0000] {taskinstance.py:1159} INFO - Dependencies all met for dep_context=requeueable deps ti=<TaskInstance: etl_reddit_pipeline.reddit_extraction manual__2024-07-29T20:53:32.655240+00:00 [queued]>
[2024-07-29T20:53:34.637+0000] {taskinstance.py:1361} INFO - Starting attempt 1 of 1
[2024-07-29T20:53:34.667+0000] {taskinstance.py:1382} INFO - Executing <Task(PythonOperator): reddit_extraction> on 2024-07-29 20:53:32.655240+00:00
[2024-07-29T20:53:34.676+0000] {standard_task_runner.py:57} INFO - Started process 71 to run task
[2024-07-29T20:53:34.680+0000] {standard_task_runner.py:84} INFO - Running: ['airflow', 'tasks', 'run', 'etl_reddit_pipeline', 'reddit_extraction', 'manual__2024-07-29T20:53:32.655240+00:00', '--job-id', '14', '--raw', '--subdir', 'DAGS_FOLDER/reddit_dag.py', '--cfg-path', '/tmp/tmpxv70xz8s']
[2024-07-29T20:53:34.682+0000] {standard_task_runner.py:85} INFO - Job 14: Subtask reddit_extraction
[2024-07-29T20:53:34.761+0000] {task_command.py:416} INFO - Running <TaskInstance: etl_reddit_pipeline.reddit_extraction manual__2024-07-29T20:53:32.655240+00:00 [running]> on host 8eab068d030e
[2024-07-29T20:53:34.900+0000] {taskinstance.py:1662} INFO - Exporting env vars: AIRFLOW_CTX_DAG_OWNER='Seif Yasser' AIRFLOW_CTX_DAG_ID='etl_reddit_pipeline' AIRFLOW_CTX_TASK_ID='reddit_extraction' AIRFLOW_CTX_EXECUTION_DATE='2024-07-29T20:53:32.655240+00:00' AIRFLOW_CTX_TRY_NUMBER='1' AIRFLOW_CTX_DAG_RUN_ID='manual__2024-07-29T20:53:32.655240+00:00'
[2024-07-29T20:53:34.903+0000] {logging_mixin.py:151} INFO - connected to reddit!
[2024-07-29T20:53:34.904+0000] {logging_mixin.py:151} INFO - <praw.models.listing.generator.ListingGenerator object at 0x7f924f9e3f70>
[2024-07-29T20:53:34.905+0000] {logging_mixin.py:151} INFO - 0
[2024-07-29T20:53:34.905+0000] {logging_mixin.py:151} INFO - 1
[2024-07-29T20:53:34.906+0000] {logging_mixin.py:151} INFO - 2
[2024-07-29T20:53:34.907+0000] {logging_mixin.py:151} INFO - 3
[2024-07-29T20:53:34.907+0000] {logging_mixin.py:151} INFO - 4
[2024-07-29T20:53:34.908+0000] {logging_mixin.py:151} INFO - 5
[2024-07-29T20:53:34.909+0000] {logging_mixin.py:151} INFO - 6
[2024-07-29T20:53:34.909+0000] {logging_mixin.py:151} INFO - 7
[2024-07-29T20:53:34.909+0000] {logging_mixin.py:151} INFO - 8
[2024-07-29T20:53:34.910+0000] {logging_mixin.py:151} INFO - 9
[2024-07-29T20:53:34.910+0000] {python.py:194} INFO - Done. Returned value was: None
[2024-07-29T20:53:34.925+0000] {taskinstance.py:1400} INFO - Marking task as SUCCESS. dag_id=etl_reddit_pipeline, task_id=reddit_extraction, execution_date=20240729T205332, start_date=20240729T205334, end_date=20240729T205334
[2024-07-29T20:53:34.974+0000] {local_task_job_runner.py:228} INFO - Task exited with return code 0
[2024-07-29T20:53:34.998+0000] {taskinstance.py:2778} INFO - 0 downstream tasks scheduled from follow-on schedule check
