[2024-08-10T16:26:17.527+0000] {taskinstance.py:1159} INFO - Dependencies all met for dep_context=non-requeueable deps ti=<TaskInstance: etl_reddit_pipeline.reddit_extraction scheduled__2024-08-07T00:00:00+00:00 [queued]>
[2024-08-10T16:26:17.542+0000] {taskinstance.py:1159} INFO - Dependencies all met for dep_context=requeueable deps ti=<TaskInstance: etl_reddit_pipeline.reddit_extraction scheduled__2024-08-07T00:00:00+00:00 [queued]>
[2024-08-10T16:26:17.543+0000] {taskinstance.py:1361} INFO - Starting attempt 1 of 1
[2024-08-10T16:26:17.597+0000] {taskinstance.py:1382} INFO - Executing <Task(PythonOperator): reddit_extraction> on 2024-08-07 00:00:00+00:00
[2024-08-10T16:26:17.604+0000] {standard_task_runner.py:57} INFO - Started process 54 to run task
[2024-08-10T16:26:17.608+0000] {standard_task_runner.py:84} INFO - Running: ['airflow', 'tasks', 'run', 'etl_reddit_pipeline', 'reddit_extraction', 'scheduled__2024-08-07T00:00:00+00:00', '--job-id', '678', '--raw', '--subdir', 'DAGS_FOLDER/reddit_dag.py', '--cfg-path', '/tmp/tmpxxxrhqwn']
[2024-08-10T16:26:17.613+0000] {standard_task_runner.py:85} INFO - Job 678: Subtask reddit_extraction
[2024-08-10T16:26:17.763+0000] {task_command.py:416} INFO - Running <TaskInstance: etl_reddit_pipeline.reddit_extraction scheduled__2024-08-07T00:00:00+00:00 [running]> on host 8eab068d030e
[2024-08-10T16:26:18.014+0000] {taskinstance.py:1662} INFO - Exporting env vars: AIRFLOW_CTX_DAG_OWNER='Seif Yasser' AIRFLOW_CTX_DAG_ID='etl_reddit_pipeline' AIRFLOW_CTX_TASK_ID='reddit_extraction' AIRFLOW_CTX_EXECUTION_DATE='2024-08-07T00:00:00+00:00' AIRFLOW_CTX_TRY_NUMBER='1' AIRFLOW_CTX_DAG_RUN_ID='scheduled__2024-08-07T00:00:00+00:00'
[2024-08-10T16:26:18.419+0000] {logging_mixin.py:151} INFO - connected to reddit!
[2024-08-10T16:26:19.656+0000] {python.py:194} INFO - Done. Returned value was: /opt/airflow/data/output/reddit_20240810.csv
[2024-08-10T16:26:19.736+0000] {taskinstance.py:1400} INFO - Marking task as SUCCESS. dag_id=etl_reddit_pipeline, task_id=reddit_extraction, execution_date=20240807T000000, start_date=20240810T162617, end_date=20240810T162619
[2024-08-10T16:26:19.791+0000] {local_task_job_runner.py:228} INFO - Task exited with return code 0
[2024-08-10T16:26:19.822+0000] {taskinstance.py:2778} INFO - 0 downstream tasks scheduled from follow-on schedule check
[2024-08-13T19:09:18.722+0000] {taskinstance.py:1159} INFO - Dependencies all met for dep_context=non-requeueable deps ti=<TaskInstance: etl_reddit_pipeline.reddit_extraction scheduled__2024-08-07T00:00:00+00:00 [queued]>
[2024-08-13T19:09:18.768+0000] {taskinstance.py:1159} INFO - Dependencies all met for dep_context=requeueable deps ti=<TaskInstance: etl_reddit_pipeline.reddit_extraction scheduled__2024-08-07T00:00:00+00:00 [queued]>
[2024-08-13T19:09:18.770+0000] {taskinstance.py:1361} INFO - Starting attempt 1 of 1
[2024-08-13T19:09:18.805+0000] {taskinstance.py:1382} INFO - Executing <Task(PythonOperator): reddit_extraction> on 2024-08-07 00:00:00+00:00
[2024-08-13T19:09:18.812+0000] {standard_task_runner.py:57} INFO - Started process 78 to run task
[2024-08-13T19:09:18.823+0000] {standard_task_runner.py:84} INFO - Running: ['airflow', 'tasks', 'run', 'etl_reddit_pipeline', 'reddit_extraction', 'scheduled__2024-08-07T00:00:00+00:00', '--job-id', '8', '--raw', '--subdir', 'DAGS_FOLDER/reddit_dag.py', '--cfg-path', '/tmp/tmpupy3artw']
[2024-08-13T19:09:18.834+0000] {standard_task_runner.py:85} INFO - Job 8: Subtask reddit_extraction
[2024-08-13T19:09:18.947+0000] {task_command.py:416} INFO - Running <TaskInstance: etl_reddit_pipeline.reddit_extraction scheduled__2024-08-07T00:00:00+00:00 [running]> on host fdf0cefe5923
[2024-08-13T19:09:19.183+0000] {taskinstance.py:1662} INFO - Exporting env vars: AIRFLOW_CTX_DAG_OWNER='Seif Yasser' AIRFLOW_CTX_DAG_ID='etl_reddit_pipeline' AIRFLOW_CTX_TASK_ID='reddit_extraction' AIRFLOW_CTX_EXECUTION_DATE='2024-08-07T00:00:00+00:00' AIRFLOW_CTX_TRY_NUMBER='1' AIRFLOW_CTX_DAG_RUN_ID='scheduled__2024-08-07T00:00:00+00:00'
[2024-08-13T19:09:19.704+0000] {logging_mixin.py:151} INFO - connected to reddit!
[2024-08-13T19:09:21.073+0000] {python.py:194} INFO - Done. Returned value was: /opt/airflow/data/output/reddit_20240813.csv
[2024-08-13T19:09:21.120+0000] {taskinstance.py:1400} INFO - Marking task as SUCCESS. dag_id=etl_reddit_pipeline, task_id=reddit_extraction, execution_date=20240807T000000, start_date=20240813T190918, end_date=20240813T190921
[2024-08-13T19:09:21.575+0000] {local_task_job_runner.py:228} INFO - Task exited with return code 0
[2024-08-13T19:09:21.683+0000] {taskinstance.py:2778} INFO - 0 downstream tasks scheduled from follow-on schedule check
