[2024-08-07T00:00:02.573+0000] {processor.py:157} INFO - Started process (PID=1867) to work on /opt/airflow/dags/reddit_dag.py
[2024-08-07T00:00:02.576+0000] {processor.py:829} INFO - Processing file /opt/airflow/dags/reddit_dag.py for tasks to queue
[2024-08-07T00:00:02.578+0000] {logging_mixin.py:151} INFO - [2024-08-07T00:00:02.578+0000] {dagbag.py:536} INFO - Filling up the DagBag from /opt/airflow/dags/reddit_dag.py
[2024-08-07T00:00:03.176+0000] {processor.py:839} INFO - DAG(s) dict_keys(['etl_reddit_pipeline']) retrieved from /opt/airflow/dags/reddit_dag.py
[2024-08-07T00:00:03.290+0000] {logging_mixin.py:151} INFO - [2024-08-07T00:00:03.290+0000] {dag.py:2941} INFO - Sync 1 DAGs
[2024-08-07T00:00:03.316+0000] {logging_mixin.py:151} INFO - [2024-08-07T00:00:03.316+0000] {dag.py:3722} INFO - Setting next_dagrun for etl_reddit_pipeline to 2024-08-07T00:00:00+00:00, run_after=2024-08-08T00:00:00+00:00
[2024-08-07T00:00:03.337+0000] {processor.py:179} INFO - Processing /opt/airflow/dags/reddit_dag.py took 0.768 seconds
[2024-08-07T00:00:33.550+0000] {processor.py:157} INFO - Started process (PID=1869) to work on /opt/airflow/dags/reddit_dag.py
[2024-08-07T00:00:33.551+0000] {processor.py:829} INFO - Processing file /opt/airflow/dags/reddit_dag.py for tasks to queue
[2024-08-07T00:00:33.554+0000] {logging_mixin.py:151} INFO - [2024-08-07T00:00:33.554+0000] {dagbag.py:536} INFO - Filling up the DagBag from /opt/airflow/dags/reddit_dag.py
[2024-08-07T00:00:34.122+0000] {processor.py:839} INFO - DAG(s) dict_keys(['etl_reddit_pipeline']) retrieved from /opt/airflow/dags/reddit_dag.py
[2024-08-07T00:00:34.148+0000] {logging_mixin.py:151} INFO - [2024-08-07T00:00:34.147+0000] {dag.py:2941} INFO - Sync 1 DAGs
[2024-08-07T00:00:34.173+0000] {logging_mixin.py:151} INFO - [2024-08-07T00:00:34.172+0000] {dag.py:3722} INFO - Setting next_dagrun for etl_reddit_pipeline to 2024-08-07T00:00:00+00:00, run_after=2024-08-08T00:00:00+00:00
[2024-08-07T00:00:34.194+0000] {processor.py:179} INFO - Processing /opt/airflow/dags/reddit_dag.py took 0.648 seconds
[2024-08-07T00:01:04.419+0000] {processor.py:157} INFO - Started process (PID=1871) to work on /opt/airflow/dags/reddit_dag.py
[2024-08-07T00:01:04.420+0000] {processor.py:829} INFO - Processing file /opt/airflow/dags/reddit_dag.py for tasks to queue
[2024-08-07T00:01:04.423+0000] {logging_mixin.py:151} INFO - [2024-08-07T00:01:04.422+0000] {dagbag.py:536} INFO - Filling up the DagBag from /opt/airflow/dags/reddit_dag.py
[2024-08-07T00:01:05.023+0000] {processor.py:839} INFO - DAG(s) dict_keys(['etl_reddit_pipeline']) retrieved from /opt/airflow/dags/reddit_dag.py
[2024-08-07T00:01:05.049+0000] {logging_mixin.py:151} INFO - [2024-08-07T00:01:05.049+0000] {dag.py:2941} INFO - Sync 1 DAGs
[2024-08-07T00:01:05.075+0000] {logging_mixin.py:151} INFO - [2024-08-07T00:01:05.075+0000] {dag.py:3722} INFO - Setting next_dagrun for etl_reddit_pipeline to 2024-08-07T00:00:00+00:00, run_after=2024-08-08T00:00:00+00:00
[2024-08-07T00:01:05.097+0000] {processor.py:179} INFO - Processing /opt/airflow/dags/reddit_dag.py took 0.682 seconds
[2024-08-07T00:01:35.293+0000] {processor.py:157} INFO - Started process (PID=1873) to work on /opt/airflow/dags/reddit_dag.py
[2024-08-07T00:01:35.295+0000] {processor.py:829} INFO - Processing file /opt/airflow/dags/reddit_dag.py for tasks to queue
[2024-08-07T00:01:35.298+0000] {logging_mixin.py:151} INFO - [2024-08-07T00:01:35.298+0000] {dagbag.py:536} INFO - Filling up the DagBag from /opt/airflow/dags/reddit_dag.py
[2024-08-07T00:01:35.943+0000] {processor.py:839} INFO - DAG(s) dict_keys(['etl_reddit_pipeline']) retrieved from /opt/airflow/dags/reddit_dag.py
[2024-08-07T00:01:35.969+0000] {logging_mixin.py:151} INFO - [2024-08-07T00:01:35.968+0000] {dag.py:2941} INFO - Sync 1 DAGs
[2024-08-07T00:01:35.995+0000] {logging_mixin.py:151} INFO - [2024-08-07T00:01:35.995+0000] {dag.py:3722} INFO - Setting next_dagrun for etl_reddit_pipeline to 2024-08-07T00:00:00+00:00, run_after=2024-08-08T00:00:00+00:00
[2024-08-07T00:01:36.017+0000] {processor.py:179} INFO - Processing /opt/airflow/dags/reddit_dag.py took 0.727 seconds
[2024-08-07T00:02:06.305+0000] {processor.py:157} INFO - Started process (PID=1875) to work on /opt/airflow/dags/reddit_dag.py
[2024-08-07T00:02:06.306+0000] {processor.py:829} INFO - Processing file /opt/airflow/dags/reddit_dag.py for tasks to queue
[2024-08-07T00:02:06.309+0000] {logging_mixin.py:151} INFO - [2024-08-07T00:02:06.309+0000] {dagbag.py:536} INFO - Filling up the DagBag from /opt/airflow/dags/reddit_dag.py
[2024-08-07T00:02:07.006+0000] {processor.py:839} INFO - DAG(s) dict_keys(['etl_reddit_pipeline']) retrieved from /opt/airflow/dags/reddit_dag.py
[2024-08-07T00:02:07.052+0000] {logging_mixin.py:151} INFO - [2024-08-07T00:02:07.052+0000] {dag.py:2941} INFO - Sync 1 DAGs
[2024-08-07T00:02:07.100+0000] {logging_mixin.py:151} INFO - [2024-08-07T00:02:07.100+0000] {dag.py:3722} INFO - Setting next_dagrun for etl_reddit_pipeline to 2024-08-07T00:00:00+00:00, run_after=2024-08-08T00:00:00+00:00
[2024-08-07T00:02:07.150+0000] {processor.py:179} INFO - Processing /opt/airflow/dags/reddit_dag.py took 0.849 seconds
[2024-08-07T00:02:37.375+0000] {processor.py:157} INFO - Started process (PID=1877) to work on /opt/airflow/dags/reddit_dag.py
[2024-08-07T00:02:37.376+0000] {processor.py:829} INFO - Processing file /opt/airflow/dags/reddit_dag.py for tasks to queue
[2024-08-07T00:02:37.379+0000] {logging_mixin.py:151} INFO - [2024-08-07T00:02:37.379+0000] {dagbag.py:536} INFO - Filling up the DagBag from /opt/airflow/dags/reddit_dag.py
[2024-08-07T00:02:38.010+0000] {processor.py:839} INFO - DAG(s) dict_keys(['etl_reddit_pipeline']) retrieved from /opt/airflow/dags/reddit_dag.py
[2024-08-07T00:02:38.035+0000] {logging_mixin.py:151} INFO - [2024-08-07T00:02:38.035+0000] {dag.py:2941} INFO - Sync 1 DAGs
[2024-08-07T00:02:38.063+0000] {logging_mixin.py:151} INFO - [2024-08-07T00:02:38.063+0000] {dag.py:3722} INFO - Setting next_dagrun for etl_reddit_pipeline to 2024-08-07T00:00:00+00:00, run_after=2024-08-08T00:00:00+00:00
[2024-08-07T00:02:38.113+0000] {processor.py:179} INFO - Processing /opt/airflow/dags/reddit_dag.py took 0.742 seconds
[2024-08-07T00:03:08.323+0000] {processor.py:157} INFO - Started process (PID=1879) to work on /opt/airflow/dags/reddit_dag.py
[2024-08-07T00:03:08.324+0000] {processor.py:829} INFO - Processing file /opt/airflow/dags/reddit_dag.py for tasks to queue
[2024-08-07T00:03:08.327+0000] {logging_mixin.py:151} INFO - [2024-08-07T00:03:08.326+0000] {dagbag.py:536} INFO - Filling up the DagBag from /opt/airflow/dags/reddit_dag.py
[2024-08-07T00:03:08.896+0000] {processor.py:839} INFO - DAG(s) dict_keys(['etl_reddit_pipeline']) retrieved from /opt/airflow/dags/reddit_dag.py
[2024-08-07T00:03:08.920+0000] {logging_mixin.py:151} INFO - [2024-08-07T00:03:08.919+0000] {dag.py:2941} INFO - Sync 1 DAGs
[2024-08-07T00:03:08.943+0000] {logging_mixin.py:151} INFO - [2024-08-07T00:03:08.943+0000] {dag.py:3722} INFO - Setting next_dagrun for etl_reddit_pipeline to 2024-08-07T00:00:00+00:00, run_after=2024-08-08T00:00:00+00:00
[2024-08-07T00:03:08.964+0000] {processor.py:179} INFO - Processing /opt/airflow/dags/reddit_dag.py took 0.645 seconds
[2024-08-07T00:03:39.065+0000] {processor.py:157} INFO - Started process (PID=1881) to work on /opt/airflow/dags/reddit_dag.py
[2024-08-07T00:03:39.068+0000] {processor.py:829} INFO - Processing file /opt/airflow/dags/reddit_dag.py for tasks to queue
[2024-08-07T00:03:39.082+0000] {logging_mixin.py:151} INFO - [2024-08-07T00:03:39.081+0000] {dagbag.py:536} INFO - Filling up the DagBag from /opt/airflow/dags/reddit_dag.py
[2024-08-07T00:03:39.916+0000] {processor.py:839} INFO - DAG(s) dict_keys(['etl_reddit_pipeline']) retrieved from /opt/airflow/dags/reddit_dag.py
[2024-08-07T00:03:39.945+0000] {logging_mixin.py:151} INFO - [2024-08-07T00:03:39.944+0000] {dag.py:2941} INFO - Sync 1 DAGs
[2024-08-07T00:03:39.989+0000] {logging_mixin.py:151} INFO - [2024-08-07T00:03:39.988+0000] {dag.py:3722} INFO - Setting next_dagrun for etl_reddit_pipeline to 2024-08-07T00:00:00+00:00, run_after=2024-08-08T00:00:00+00:00
[2024-08-07T00:03:40.019+0000] {processor.py:179} INFO - Processing /opt/airflow/dags/reddit_dag.py took 0.977 seconds
[2024-08-07T00:04:10.253+0000] {processor.py:157} INFO - Started process (PID=1883) to work on /opt/airflow/dags/reddit_dag.py
[2024-08-07T00:04:10.254+0000] {processor.py:829} INFO - Processing file /opt/airflow/dags/reddit_dag.py for tasks to queue
[2024-08-07T00:04:10.256+0000] {logging_mixin.py:151} INFO - [2024-08-07T00:04:10.256+0000] {dagbag.py:536} INFO - Filling up the DagBag from /opt/airflow/dags/reddit_dag.py
[2024-08-07T00:04:10.797+0000] {processor.py:839} INFO - DAG(s) dict_keys(['etl_reddit_pipeline']) retrieved from /opt/airflow/dags/reddit_dag.py
[2024-08-07T00:04:10.821+0000] {logging_mixin.py:151} INFO - [2024-08-07T00:04:10.819+0000] {dag.py:2941} INFO - Sync 1 DAGs
[2024-08-07T00:04:10.843+0000] {logging_mixin.py:151} INFO - [2024-08-07T00:04:10.843+0000] {dag.py:3722} INFO - Setting next_dagrun for etl_reddit_pipeline to 2024-08-07T00:00:00+00:00, run_after=2024-08-08T00:00:00+00:00
[2024-08-07T00:04:10.861+0000] {processor.py:179} INFO - Processing /opt/airflow/dags/reddit_dag.py took 0.612 seconds
[2024-08-07T00:04:41.069+0000] {processor.py:157} INFO - Started process (PID=1885) to work on /opt/airflow/dags/reddit_dag.py
[2024-08-07T00:04:41.071+0000] {processor.py:829} INFO - Processing file /opt/airflow/dags/reddit_dag.py for tasks to queue
[2024-08-07T00:04:41.074+0000] {logging_mixin.py:151} INFO - [2024-08-07T00:04:41.073+0000] {dagbag.py:536} INFO - Filling up the DagBag from /opt/airflow/dags/reddit_dag.py
[2024-08-07T00:04:41.669+0000] {processor.py:839} INFO - DAG(s) dict_keys(['etl_reddit_pipeline']) retrieved from /opt/airflow/dags/reddit_dag.py
[2024-08-07T00:04:41.694+0000] {logging_mixin.py:151} INFO - [2024-08-07T00:04:41.693+0000] {dag.py:2941} INFO - Sync 1 DAGs
[2024-08-07T00:04:41.719+0000] {logging_mixin.py:151} INFO - [2024-08-07T00:04:41.719+0000] {dag.py:3722} INFO - Setting next_dagrun for etl_reddit_pipeline to 2024-08-07T00:00:00+00:00, run_after=2024-08-08T00:00:00+00:00
[2024-08-07T00:04:41.737+0000] {processor.py:179} INFO - Processing /opt/airflow/dags/reddit_dag.py took 0.672 seconds
[2024-08-07T00:05:11.938+0000] {processor.py:157} INFO - Started process (PID=1887) to work on /opt/airflow/dags/reddit_dag.py
[2024-08-07T00:05:11.939+0000] {processor.py:829} INFO - Processing file /opt/airflow/dags/reddit_dag.py for tasks to queue
[2024-08-07T00:05:11.943+0000] {logging_mixin.py:151} INFO - [2024-08-07T00:05:11.942+0000] {dagbag.py:536} INFO - Filling up the DagBag from /opt/airflow/dags/reddit_dag.py
[2024-08-07T00:05:12.572+0000] {processor.py:839} INFO - DAG(s) dict_keys(['etl_reddit_pipeline']) retrieved from /opt/airflow/dags/reddit_dag.py
[2024-08-07T00:05:12.598+0000] {logging_mixin.py:151} INFO - [2024-08-07T00:05:12.597+0000] {dag.py:2941} INFO - Sync 1 DAGs
[2024-08-07T00:05:12.625+0000] {logging_mixin.py:151} INFO - [2024-08-07T00:05:12.625+0000] {dag.py:3722} INFO - Setting next_dagrun for etl_reddit_pipeline to 2024-08-07T00:00:00+00:00, run_after=2024-08-08T00:00:00+00:00
[2024-08-07T00:05:12.646+0000] {processor.py:179} INFO - Processing /opt/airflow/dags/reddit_dag.py took 0.714 seconds
[2024-08-07T00:05:42.832+0000] {processor.py:157} INFO - Started process (PID=1889) to work on /opt/airflow/dags/reddit_dag.py
[2024-08-07T00:05:42.833+0000] {processor.py:829} INFO - Processing file /opt/airflow/dags/reddit_dag.py for tasks to queue
[2024-08-07T00:05:42.835+0000] {logging_mixin.py:151} INFO - [2024-08-07T00:05:42.835+0000] {dagbag.py:536} INFO - Filling up the DagBag from /opt/airflow/dags/reddit_dag.py
[2024-08-07T00:05:43.409+0000] {processor.py:839} INFO - DAG(s) dict_keys(['etl_reddit_pipeline']) retrieved from /opt/airflow/dags/reddit_dag.py
[2024-08-07T00:05:43.434+0000] {logging_mixin.py:151} INFO - [2024-08-07T00:05:43.434+0000] {dag.py:2941} INFO - Sync 1 DAGs
[2024-08-07T00:05:43.459+0000] {logging_mixin.py:151} INFO - [2024-08-07T00:05:43.459+0000] {dag.py:3722} INFO - Setting next_dagrun for etl_reddit_pipeline to 2024-08-07T00:00:00+00:00, run_after=2024-08-08T00:00:00+00:00
[2024-08-07T00:05:43.483+0000] {processor.py:179} INFO - Processing /opt/airflow/dags/reddit_dag.py took 0.654 seconds
[2024-08-07T00:06:13.692+0000] {processor.py:157} INFO - Started process (PID=1891) to work on /opt/airflow/dags/reddit_dag.py
[2024-08-07T00:06:13.693+0000] {processor.py:829} INFO - Processing file /opt/airflow/dags/reddit_dag.py for tasks to queue
[2024-08-07T00:06:13.696+0000] {logging_mixin.py:151} INFO - [2024-08-07T00:06:13.696+0000] {dagbag.py:536} INFO - Filling up the DagBag from /opt/airflow/dags/reddit_dag.py
[2024-08-07T00:06:14.274+0000] {processor.py:839} INFO - DAG(s) dict_keys(['etl_reddit_pipeline']) retrieved from /opt/airflow/dags/reddit_dag.py
[2024-08-07T00:06:14.297+0000] {logging_mixin.py:151} INFO - [2024-08-07T00:06:14.297+0000] {dag.py:2941} INFO - Sync 1 DAGs
[2024-08-07T00:06:14.322+0000] {logging_mixin.py:151} INFO - [2024-08-07T00:06:14.321+0000] {dag.py:3722} INFO - Setting next_dagrun for etl_reddit_pipeline to 2024-08-07T00:00:00+00:00, run_after=2024-08-08T00:00:00+00:00
[2024-08-07T00:06:14.344+0000] {processor.py:179} INFO - Processing /opt/airflow/dags/reddit_dag.py took 0.655 seconds
[2024-08-07T00:06:44.543+0000] {processor.py:157} INFO - Started process (PID=1893) to work on /opt/airflow/dags/reddit_dag.py
[2024-08-07T00:06:44.544+0000] {processor.py:829} INFO - Processing file /opt/airflow/dags/reddit_dag.py for tasks to queue
[2024-08-07T00:06:44.546+0000] {logging_mixin.py:151} INFO - [2024-08-07T00:06:44.546+0000] {dagbag.py:536} INFO - Filling up the DagBag from /opt/airflow/dags/reddit_dag.py
[2024-08-07T00:06:45.237+0000] {processor.py:839} INFO - DAG(s) dict_keys(['etl_reddit_pipeline']) retrieved from /opt/airflow/dags/reddit_dag.py
[2024-08-07T00:06:45.262+0000] {logging_mixin.py:151} INFO - [2024-08-07T00:06:45.261+0000] {dag.py:2941} INFO - Sync 1 DAGs
[2024-08-07T00:06:45.290+0000] {logging_mixin.py:151} INFO - [2024-08-07T00:06:45.290+0000] {dag.py:3722} INFO - Setting next_dagrun for etl_reddit_pipeline to 2024-08-07T00:00:00+00:00, run_after=2024-08-08T00:00:00+00:00
[2024-08-07T00:06:45.317+0000] {processor.py:179} INFO - Processing /opt/airflow/dags/reddit_dag.py took 0.778 seconds
[2024-08-07T00:07:15.389+0000] {processor.py:157} INFO - Started process (PID=1895) to work on /opt/airflow/dags/reddit_dag.py
[2024-08-07T00:07:15.390+0000] {processor.py:829} INFO - Processing file /opt/airflow/dags/reddit_dag.py for tasks to queue
[2024-08-07T00:07:15.393+0000] {logging_mixin.py:151} INFO - [2024-08-07T00:07:15.393+0000] {dagbag.py:536} INFO - Filling up the DagBag from /opt/airflow/dags/reddit_dag.py
[2024-08-07T00:07:16.012+0000] {processor.py:839} INFO - DAG(s) dict_keys(['etl_reddit_pipeline']) retrieved from /opt/airflow/dags/reddit_dag.py
[2024-08-07T00:07:16.036+0000] {logging_mixin.py:151} INFO - [2024-08-07T00:07:16.035+0000] {dag.py:2941} INFO - Sync 1 DAGs
[2024-08-07T00:07:16.058+0000] {logging_mixin.py:151} INFO - [2024-08-07T00:07:16.058+0000] {dag.py:3722} INFO - Setting next_dagrun for etl_reddit_pipeline to 2024-08-07T00:00:00+00:00, run_after=2024-08-08T00:00:00+00:00
[2024-08-07T00:07:16.080+0000] {processor.py:179} INFO - Processing /opt/airflow/dags/reddit_dag.py took 0.695 seconds
[2024-08-07T00:07:46.288+0000] {processor.py:157} INFO - Started process (PID=1897) to work on /opt/airflow/dags/reddit_dag.py
[2024-08-07T00:07:46.289+0000] {processor.py:829} INFO - Processing file /opt/airflow/dags/reddit_dag.py for tasks to queue
[2024-08-07T00:07:46.292+0000] {logging_mixin.py:151} INFO - [2024-08-07T00:07:46.292+0000] {dagbag.py:536} INFO - Filling up the DagBag from /opt/airflow/dags/reddit_dag.py
[2024-08-07T00:07:46.905+0000] {processor.py:839} INFO - DAG(s) dict_keys(['etl_reddit_pipeline']) retrieved from /opt/airflow/dags/reddit_dag.py
[2024-08-07T00:07:46.930+0000] {logging_mixin.py:151} INFO - [2024-08-07T00:07:46.929+0000] {dag.py:2941} INFO - Sync 1 DAGs
[2024-08-07T00:07:46.957+0000] {logging_mixin.py:151} INFO - [2024-08-07T00:07:46.957+0000] {dag.py:3722} INFO - Setting next_dagrun for etl_reddit_pipeline to 2024-08-07T00:00:00+00:00, run_after=2024-08-08T00:00:00+00:00
[2024-08-07T00:07:46.979+0000] {processor.py:179} INFO - Processing /opt/airflow/dags/reddit_dag.py took 0.695 seconds
[2024-08-07T00:08:17.188+0000] {processor.py:157} INFO - Started process (PID=1899) to work on /opt/airflow/dags/reddit_dag.py
[2024-08-07T00:08:17.189+0000] {processor.py:829} INFO - Processing file /opt/airflow/dags/reddit_dag.py for tasks to queue
[2024-08-07T00:08:17.193+0000] {logging_mixin.py:151} INFO - [2024-08-07T00:08:17.193+0000] {dagbag.py:536} INFO - Filling up the DagBag from /opt/airflow/dags/reddit_dag.py
[2024-08-07T00:08:17.995+0000] {processor.py:839} INFO - DAG(s) dict_keys(['etl_reddit_pipeline']) retrieved from /opt/airflow/dags/reddit_dag.py
[2024-08-07T00:08:18.026+0000] {logging_mixin.py:151} INFO - [2024-08-07T00:08:18.024+0000] {dag.py:2941} INFO - Sync 1 DAGs
[2024-08-07T00:08:18.057+0000] {logging_mixin.py:151} INFO - [2024-08-07T00:08:18.057+0000] {dag.py:3722} INFO - Setting next_dagrun for etl_reddit_pipeline to 2024-08-07T00:00:00+00:00, run_after=2024-08-08T00:00:00+00:00
[2024-08-07T00:08:18.082+0000] {processor.py:179} INFO - Processing /opt/airflow/dags/reddit_dag.py took 0.898 seconds
[2024-08-07T00:08:48.164+0000] {processor.py:157} INFO - Started process (PID=1901) to work on /opt/airflow/dags/reddit_dag.py
[2024-08-07T00:08:48.167+0000] {processor.py:829} INFO - Processing file /opt/airflow/dags/reddit_dag.py for tasks to queue
[2024-08-07T00:08:48.170+0000] {logging_mixin.py:151} INFO - [2024-08-07T00:08:48.169+0000] {dagbag.py:536} INFO - Filling up the DagBag from /opt/airflow/dags/reddit_dag.py
[2024-08-07T00:08:48.779+0000] {processor.py:839} INFO - DAG(s) dict_keys(['etl_reddit_pipeline']) retrieved from /opt/airflow/dags/reddit_dag.py
[2024-08-07T00:08:48.805+0000] {logging_mixin.py:151} INFO - [2024-08-07T00:08:48.804+0000] {dag.py:2941} INFO - Sync 1 DAGs
[2024-08-07T00:08:48.828+0000] {logging_mixin.py:151} INFO - [2024-08-07T00:08:48.828+0000] {dag.py:3722} INFO - Setting next_dagrun for etl_reddit_pipeline to 2024-08-07T00:00:00+00:00, run_after=2024-08-08T00:00:00+00:00
[2024-08-07T00:08:48.850+0000] {processor.py:179} INFO - Processing /opt/airflow/dags/reddit_dag.py took 0.694 seconds
[2024-08-07T00:09:19.065+0000] {processor.py:157} INFO - Started process (PID=1903) to work on /opt/airflow/dags/reddit_dag.py
[2024-08-07T00:09:19.066+0000] {processor.py:829} INFO - Processing file /opt/airflow/dags/reddit_dag.py for tasks to queue
[2024-08-07T00:09:19.069+0000] {logging_mixin.py:151} INFO - [2024-08-07T00:09:19.068+0000] {dagbag.py:536} INFO - Filling up the DagBag from /opt/airflow/dags/reddit_dag.py
[2024-08-07T00:09:19.684+0000] {processor.py:839} INFO - DAG(s) dict_keys(['etl_reddit_pipeline']) retrieved from /opt/airflow/dags/reddit_dag.py
[2024-08-07T00:09:19.707+0000] {logging_mixin.py:151} INFO - [2024-08-07T00:09:19.707+0000] {dag.py:2941} INFO - Sync 1 DAGs
[2024-08-07T00:09:19.735+0000] {logging_mixin.py:151} INFO - [2024-08-07T00:09:19.734+0000] {dag.py:3722} INFO - Setting next_dagrun for etl_reddit_pipeline to 2024-08-07T00:00:00+00:00, run_after=2024-08-08T00:00:00+00:00
[2024-08-07T00:09:19.757+0000] {processor.py:179} INFO - Processing /opt/airflow/dags/reddit_dag.py took 0.696 seconds
[2024-08-07T00:09:49.958+0000] {processor.py:157} INFO - Started process (PID=1905) to work on /opt/airflow/dags/reddit_dag.py
[2024-08-07T00:09:49.959+0000] {processor.py:829} INFO - Processing file /opt/airflow/dags/reddit_dag.py for tasks to queue
[2024-08-07T00:09:49.961+0000] {logging_mixin.py:151} INFO - [2024-08-07T00:09:49.961+0000] {dagbag.py:536} INFO - Filling up the DagBag from /opt/airflow/dags/reddit_dag.py
[2024-08-07T00:09:50.625+0000] {processor.py:839} INFO - DAG(s) dict_keys(['etl_reddit_pipeline']) retrieved from /opt/airflow/dags/reddit_dag.py
[2024-08-07T00:09:50.654+0000] {logging_mixin.py:151} INFO - [2024-08-07T00:09:50.651+0000] {dag.py:2941} INFO - Sync 1 DAGs
[2024-08-07T00:09:50.678+0000] {logging_mixin.py:151} INFO - [2024-08-07T00:09:50.677+0000] {dag.py:3722} INFO - Setting next_dagrun for etl_reddit_pipeline to 2024-08-07T00:00:00+00:00, run_after=2024-08-08T00:00:00+00:00
[2024-08-07T00:09:50.697+0000] {processor.py:179} INFO - Processing /opt/airflow/dags/reddit_dag.py took 0.743 seconds
[2024-08-07T00:10:20.869+0000] {processor.py:157} INFO - Started process (PID=1907) to work on /opt/airflow/dags/reddit_dag.py
[2024-08-07T00:10:20.870+0000] {processor.py:829} INFO - Processing file /opt/airflow/dags/reddit_dag.py for tasks to queue
[2024-08-07T00:10:20.873+0000] {logging_mixin.py:151} INFO - [2024-08-07T00:10:20.873+0000] {dagbag.py:536} INFO - Filling up the DagBag from /opt/airflow/dags/reddit_dag.py
[2024-08-07T00:10:21.472+0000] {processor.py:839} INFO - DAG(s) dict_keys(['etl_reddit_pipeline']) retrieved from /opt/airflow/dags/reddit_dag.py
[2024-08-07T00:10:21.499+0000] {logging_mixin.py:151} INFO - [2024-08-07T00:10:21.498+0000] {dag.py:2941} INFO - Sync 1 DAGs
[2024-08-07T00:10:21.522+0000] {logging_mixin.py:151} INFO - [2024-08-07T00:10:21.522+0000] {dag.py:3722} INFO - Setting next_dagrun for etl_reddit_pipeline to 2024-08-07T00:00:00+00:00, run_after=2024-08-08T00:00:00+00:00
[2024-08-07T00:10:21.544+0000] {processor.py:179} INFO - Processing /opt/airflow/dags/reddit_dag.py took 0.678 seconds
[2024-08-07T00:10:51.765+0000] {processor.py:157} INFO - Started process (PID=1909) to work on /opt/airflow/dags/reddit_dag.py
[2024-08-07T00:10:51.767+0000] {processor.py:829} INFO - Processing file /opt/airflow/dags/reddit_dag.py for tasks to queue
[2024-08-07T00:10:51.770+0000] {logging_mixin.py:151} INFO - [2024-08-07T00:10:51.769+0000] {dagbag.py:536} INFO - Filling up the DagBag from /opt/airflow/dags/reddit_dag.py
[2024-08-07T00:10:52.377+0000] {processor.py:839} INFO - DAG(s) dict_keys(['etl_reddit_pipeline']) retrieved from /opt/airflow/dags/reddit_dag.py
[2024-08-07T00:10:52.401+0000] {logging_mixin.py:151} INFO - [2024-08-07T00:10:52.401+0000] {dag.py:2941} INFO - Sync 1 DAGs
[2024-08-07T00:10:52.427+0000] {logging_mixin.py:151} INFO - [2024-08-07T00:10:52.427+0000] {dag.py:3722} INFO - Setting next_dagrun for etl_reddit_pipeline to 2024-08-07T00:00:00+00:00, run_after=2024-08-08T00:00:00+00:00
[2024-08-07T00:10:52.450+0000] {processor.py:179} INFO - Processing /opt/airflow/dags/reddit_dag.py took 0.688 seconds
[2024-08-07T00:11:22.662+0000] {processor.py:157} INFO - Started process (PID=1911) to work on /opt/airflow/dags/reddit_dag.py
[2024-08-07T00:11:22.663+0000] {processor.py:829} INFO - Processing file /opt/airflow/dags/reddit_dag.py for tasks to queue
[2024-08-07T00:11:22.668+0000] {logging_mixin.py:151} INFO - [2024-08-07T00:11:22.667+0000] {dagbag.py:536} INFO - Filling up the DagBag from /opt/airflow/dags/reddit_dag.py
[2024-08-07T00:11:23.268+0000] {processor.py:839} INFO - DAG(s) dict_keys(['etl_reddit_pipeline']) retrieved from /opt/airflow/dags/reddit_dag.py
[2024-08-07T00:11:23.292+0000] {logging_mixin.py:151} INFO - [2024-08-07T00:11:23.291+0000] {dag.py:2941} INFO - Sync 1 DAGs
[2024-08-07T00:11:23.315+0000] {logging_mixin.py:151} INFO - [2024-08-07T00:11:23.315+0000] {dag.py:3722} INFO - Setting next_dagrun for etl_reddit_pipeline to 2024-08-07T00:00:00+00:00, run_after=2024-08-08T00:00:00+00:00
[2024-08-07T00:11:23.336+0000] {processor.py:179} INFO - Processing /opt/airflow/dags/reddit_dag.py took 0.681 seconds
[2024-08-07T00:11:53.442+0000] {processor.py:157} INFO - Started process (PID=1913) to work on /opt/airflow/dags/reddit_dag.py
[2024-08-07T00:11:53.443+0000] {processor.py:829} INFO - Processing file /opt/airflow/dags/reddit_dag.py for tasks to queue
[2024-08-07T00:11:53.446+0000] {logging_mixin.py:151} INFO - [2024-08-07T00:11:53.446+0000] {dagbag.py:536} INFO - Filling up the DagBag from /opt/airflow/dags/reddit_dag.py
[2024-08-07T00:11:54.025+0000] {processor.py:839} INFO - DAG(s) dict_keys(['etl_reddit_pipeline']) retrieved from /opt/airflow/dags/reddit_dag.py
[2024-08-07T00:11:54.050+0000] {logging_mixin.py:151} INFO - [2024-08-07T00:11:54.049+0000] {dag.py:2941} INFO - Sync 1 DAGs
[2024-08-07T00:11:54.076+0000] {logging_mixin.py:151} INFO - [2024-08-07T00:11:54.076+0000] {dag.py:3722} INFO - Setting next_dagrun for etl_reddit_pipeline to 2024-08-07T00:00:00+00:00, run_after=2024-08-08T00:00:00+00:00
[2024-08-07T00:11:54.096+0000] {processor.py:179} INFO - Processing /opt/airflow/dags/reddit_dag.py took 0.659 seconds
[2024-08-07T00:12:24.313+0000] {processor.py:157} INFO - Started process (PID=1915) to work on /opt/airflow/dags/reddit_dag.py
[2024-08-07T00:12:24.314+0000] {processor.py:829} INFO - Processing file /opt/airflow/dags/reddit_dag.py for tasks to queue
[2024-08-07T00:12:24.319+0000] {logging_mixin.py:151} INFO - [2024-08-07T00:12:24.319+0000] {dagbag.py:536} INFO - Filling up the DagBag from /opt/airflow/dags/reddit_dag.py
[2024-08-07T00:12:24.919+0000] {processor.py:839} INFO - DAG(s) dict_keys(['etl_reddit_pipeline']) retrieved from /opt/airflow/dags/reddit_dag.py
[2024-08-07T00:12:24.942+0000] {logging_mixin.py:151} INFO - [2024-08-07T00:12:24.941+0000] {dag.py:2941} INFO - Sync 1 DAGs
[2024-08-07T00:12:24.967+0000] {logging_mixin.py:151} INFO - [2024-08-07T00:12:24.966+0000] {dag.py:3722} INFO - Setting next_dagrun for etl_reddit_pipeline to 2024-08-07T00:00:00+00:00, run_after=2024-08-08T00:00:00+00:00
[2024-08-07T00:12:24.989+0000] {processor.py:179} INFO - Processing /opt/airflow/dags/reddit_dag.py took 0.680 seconds
[2024-08-07T00:12:55.201+0000] {processor.py:157} INFO - Started process (PID=1917) to work on /opt/airflow/dags/reddit_dag.py
[2024-08-07T00:12:55.202+0000] {processor.py:829} INFO - Processing file /opt/airflow/dags/reddit_dag.py for tasks to queue
[2024-08-07T00:12:55.205+0000] {logging_mixin.py:151} INFO - [2024-08-07T00:12:55.204+0000] {dagbag.py:536} INFO - Filling up the DagBag from /opt/airflow/dags/reddit_dag.py
[2024-08-07T00:12:55.785+0000] {processor.py:839} INFO - DAG(s) dict_keys(['etl_reddit_pipeline']) retrieved from /opt/airflow/dags/reddit_dag.py
[2024-08-07T00:12:55.810+0000] {logging_mixin.py:151} INFO - [2024-08-07T00:12:55.809+0000] {dag.py:2941} INFO - Sync 1 DAGs
[2024-08-07T00:12:55.834+0000] {logging_mixin.py:151} INFO - [2024-08-07T00:12:55.834+0000] {dag.py:3722} INFO - Setting next_dagrun for etl_reddit_pipeline to 2024-08-07T00:00:00+00:00, run_after=2024-08-08T00:00:00+00:00
[2024-08-07T00:12:55.855+0000] {processor.py:179} INFO - Processing /opt/airflow/dags/reddit_dag.py took 0.659 seconds
[2024-08-07T00:13:26.071+0000] {processor.py:157} INFO - Started process (PID=1919) to work on /opt/airflow/dags/reddit_dag.py
[2024-08-07T00:13:26.072+0000] {processor.py:829} INFO - Processing file /opt/airflow/dags/reddit_dag.py for tasks to queue
[2024-08-07T00:13:26.075+0000] {logging_mixin.py:151} INFO - [2024-08-07T00:13:26.074+0000] {dagbag.py:536} INFO - Filling up the DagBag from /opt/airflow/dags/reddit_dag.py
[2024-08-07T00:13:26.672+0000] {processor.py:839} INFO - DAG(s) dict_keys(['etl_reddit_pipeline']) retrieved from /opt/airflow/dags/reddit_dag.py
[2024-08-07T00:13:26.700+0000] {logging_mixin.py:151} INFO - [2024-08-07T00:13:26.699+0000] {dag.py:2941} INFO - Sync 1 DAGs
[2024-08-07T00:13:26.727+0000] {logging_mixin.py:151} INFO - [2024-08-07T00:13:26.727+0000] {dag.py:3722} INFO - Setting next_dagrun for etl_reddit_pipeline to 2024-08-07T00:00:00+00:00, run_after=2024-08-08T00:00:00+00:00
[2024-08-07T00:13:26.753+0000] {processor.py:179} INFO - Processing /opt/airflow/dags/reddit_dag.py took 0.686 seconds
[2024-08-07T00:13:56.953+0000] {processor.py:157} INFO - Started process (PID=1921) to work on /opt/airflow/dags/reddit_dag.py
[2024-08-07T00:13:56.955+0000] {processor.py:829} INFO - Processing file /opt/airflow/dags/reddit_dag.py for tasks to queue
[2024-08-07T00:13:56.957+0000] {logging_mixin.py:151} INFO - [2024-08-07T00:13:56.957+0000] {dagbag.py:536} INFO - Filling up the DagBag from /opt/airflow/dags/reddit_dag.py
[2024-08-07T00:13:57.516+0000] {processor.py:839} INFO - DAG(s) dict_keys(['etl_reddit_pipeline']) retrieved from /opt/airflow/dags/reddit_dag.py
[2024-08-07T00:13:57.543+0000] {logging_mixin.py:151} INFO - [2024-08-07T00:13:57.543+0000] {dag.py:2941} INFO - Sync 1 DAGs
[2024-08-07T00:13:57.569+0000] {logging_mixin.py:151} INFO - [2024-08-07T00:13:57.569+0000] {dag.py:3722} INFO - Setting next_dagrun for etl_reddit_pipeline to 2024-08-07T00:00:00+00:00, run_after=2024-08-08T00:00:00+00:00
[2024-08-07T00:13:57.597+0000] {processor.py:179} INFO - Processing /opt/airflow/dags/reddit_dag.py took 0.647 seconds
[2024-08-07T00:14:27.757+0000] {processor.py:157} INFO - Started process (PID=1923) to work on /opt/airflow/dags/reddit_dag.py
[2024-08-07T00:14:27.761+0000] {processor.py:829} INFO - Processing file /opt/airflow/dags/reddit_dag.py for tasks to queue
[2024-08-07T00:14:27.770+0000] {logging_mixin.py:151} INFO - [2024-08-07T00:14:27.770+0000] {dagbag.py:536} INFO - Filling up the DagBag from /opt/airflow/dags/reddit_dag.py
[2024-08-07T00:14:28.393+0000] {processor.py:839} INFO - DAG(s) dict_keys(['etl_reddit_pipeline']) retrieved from /opt/airflow/dags/reddit_dag.py
[2024-08-07T00:14:28.417+0000] {logging_mixin.py:151} INFO - [2024-08-07T00:14:28.416+0000] {dag.py:2941} INFO - Sync 1 DAGs
[2024-08-07T00:14:28.439+0000] {logging_mixin.py:151} INFO - [2024-08-07T00:14:28.439+0000] {dag.py:3722} INFO - Setting next_dagrun for etl_reddit_pipeline to 2024-08-07T00:00:00+00:00, run_after=2024-08-08T00:00:00+00:00
[2024-08-07T00:14:28.460+0000] {processor.py:179} INFO - Processing /opt/airflow/dags/reddit_dag.py took 0.707 seconds
[2024-08-07T00:14:58.673+0000] {processor.py:157} INFO - Started process (PID=1925) to work on /opt/airflow/dags/reddit_dag.py
[2024-08-07T00:14:58.674+0000] {processor.py:829} INFO - Processing file /opt/airflow/dags/reddit_dag.py for tasks to queue
[2024-08-07T00:14:58.677+0000] {logging_mixin.py:151} INFO - [2024-08-07T00:14:58.676+0000] {dagbag.py:536} INFO - Filling up the DagBag from /opt/airflow/dags/reddit_dag.py
[2024-08-07T00:14:59.294+0000] {processor.py:839} INFO - DAG(s) dict_keys(['etl_reddit_pipeline']) retrieved from /opt/airflow/dags/reddit_dag.py
[2024-08-07T00:14:59.318+0000] {logging_mixin.py:151} INFO - [2024-08-07T00:14:59.318+0000] {dag.py:2941} INFO - Sync 1 DAGs
[2024-08-07T00:14:59.345+0000] {logging_mixin.py:151} INFO - [2024-08-07T00:14:59.345+0000] {dag.py:3722} INFO - Setting next_dagrun for etl_reddit_pipeline to 2024-08-07T00:00:00+00:00, run_after=2024-08-08T00:00:00+00:00
[2024-08-07T00:14:59.367+0000] {processor.py:179} INFO - Processing /opt/airflow/dags/reddit_dag.py took 0.698 seconds
[2024-08-07T00:15:29.566+0000] {processor.py:157} INFO - Started process (PID=1927) to work on /opt/airflow/dags/reddit_dag.py
[2024-08-07T00:15:29.567+0000] {processor.py:829} INFO - Processing file /opt/airflow/dags/reddit_dag.py for tasks to queue
[2024-08-07T00:15:29.570+0000] {logging_mixin.py:151} INFO - [2024-08-07T00:15:29.569+0000] {dagbag.py:536} INFO - Filling up the DagBag from /opt/airflow/dags/reddit_dag.py
[2024-08-07T00:15:30.186+0000] {processor.py:839} INFO - DAG(s) dict_keys(['etl_reddit_pipeline']) retrieved from /opt/airflow/dags/reddit_dag.py
[2024-08-07T00:15:30.217+0000] {logging_mixin.py:151} INFO - [2024-08-07T00:15:30.215+0000] {dag.py:2941} INFO - Sync 1 DAGs
[2024-08-07T00:15:30.242+0000] {logging_mixin.py:151} INFO - [2024-08-07T00:15:30.242+0000] {dag.py:3722} INFO - Setting next_dagrun for etl_reddit_pipeline to 2024-08-07T00:00:00+00:00, run_after=2024-08-08T00:00:00+00:00
[2024-08-07T00:15:30.298+0000] {processor.py:179} INFO - Processing /opt/airflow/dags/reddit_dag.py took 0.736 seconds
[2024-08-07T00:16:00.492+0000] {processor.py:157} INFO - Started process (PID=1929) to work on /opt/airflow/dags/reddit_dag.py
[2024-08-07T00:16:00.493+0000] {processor.py:829} INFO - Processing file /opt/airflow/dags/reddit_dag.py for tasks to queue
[2024-08-07T00:16:00.496+0000] {logging_mixin.py:151} INFO - [2024-08-07T00:16:00.496+0000] {dagbag.py:536} INFO - Filling up the DagBag from /opt/airflow/dags/reddit_dag.py
[2024-08-07T00:16:01.098+0000] {processor.py:839} INFO - DAG(s) dict_keys(['etl_reddit_pipeline']) retrieved from /opt/airflow/dags/reddit_dag.py
[2024-08-07T00:16:01.128+0000] {logging_mixin.py:151} INFO - [2024-08-07T00:16:01.127+0000] {dag.py:2941} INFO - Sync 1 DAGs
[2024-08-07T00:16:01.151+0000] {logging_mixin.py:151} INFO - [2024-08-07T00:16:01.151+0000] {dag.py:3722} INFO - Setting next_dagrun for etl_reddit_pipeline to 2024-08-07T00:00:00+00:00, run_after=2024-08-08T00:00:00+00:00
[2024-08-07T00:16:01.217+0000] {processor.py:179} INFO - Processing /opt/airflow/dags/reddit_dag.py took 0.729 seconds
[2024-08-07T00:16:31.438+0000] {processor.py:157} INFO - Started process (PID=1931) to work on /opt/airflow/dags/reddit_dag.py
[2024-08-07T00:16:31.440+0000] {processor.py:829} INFO - Processing file /opt/airflow/dags/reddit_dag.py for tasks to queue
[2024-08-07T00:16:31.444+0000] {logging_mixin.py:151} INFO - [2024-08-07T00:16:31.444+0000] {dagbag.py:536} INFO - Filling up the DagBag from /opt/airflow/dags/reddit_dag.py
[2024-08-07T00:16:32.080+0000] {processor.py:839} INFO - DAG(s) dict_keys(['etl_reddit_pipeline']) retrieved from /opt/airflow/dags/reddit_dag.py
[2024-08-07T00:16:32.105+0000] {logging_mixin.py:151} INFO - [2024-08-07T00:16:32.104+0000] {dag.py:2941} INFO - Sync 1 DAGs
[2024-08-07T00:16:32.133+0000] {logging_mixin.py:151} INFO - [2024-08-07T00:16:32.133+0000] {dag.py:3722} INFO - Setting next_dagrun for etl_reddit_pipeline to 2024-08-07T00:00:00+00:00, run_after=2024-08-08T00:00:00+00:00
[2024-08-07T00:16:32.212+0000] {processor.py:179} INFO - Processing /opt/airflow/dags/reddit_dag.py took 0.777 seconds
