[2024-08-03T18:45:45.148+0000] {taskinstance.py:1159} INFO - Dependencies all met for dep_context=non-requeueable deps ti=<TaskInstance: etl_reddit_pipeline.reddit_extraction manual__2024-08-03T18:45:42.797553+00:00 [queued]>
[2024-08-03T18:45:45.160+0000] {taskinstance.py:1159} INFO - Dependencies all met for dep_context=requeueable deps ti=<TaskInstance: etl_reddit_pipeline.reddit_extraction manual__2024-08-03T18:45:42.797553+00:00 [queued]>
[2024-08-03T18:45:45.161+0000] {taskinstance.py:1361} INFO - Starting attempt 1 of 1
[2024-08-03T18:45:45.176+0000] {taskinstance.py:1382} INFO - Executing <Task(PythonOperator): reddit_extraction> on 2024-08-03 18:45:42.797553+00:00
[2024-08-03T18:45:45.182+0000] {standard_task_runner.py:57} INFO - Started process 117 to run task
[2024-08-03T18:45:45.186+0000] {standard_task_runner.py:84} INFO - Running: ['airflow', 'tasks', 'run', 'etl_reddit_pipeline', 'reddit_extraction', 'manual__2024-08-03T18:45:42.797553+00:00', '--job-id', '662', '--raw', '--subdir', 'DAGS_FOLDER/reddit_dag.py', '--cfg-path', '/tmp/tmpc8mkc56n']
[2024-08-03T18:45:45.187+0000] {standard_task_runner.py:85} INFO - Job 662: Subtask reddit_extraction
[2024-08-03T18:45:45.237+0000] {task_command.py:416} INFO - Running <TaskInstance: etl_reddit_pipeline.reddit_extraction manual__2024-08-03T18:45:42.797553+00:00 [running]> on host 8eab068d030e
[2024-08-03T18:45:45.323+0000] {taskinstance.py:1662} INFO - Exporting env vars: AIRFLOW_CTX_DAG_OWNER='Seif Yasser' AIRFLOW_CTX_DAG_ID='etl_reddit_pipeline' AIRFLOW_CTX_TASK_ID='reddit_extraction' AIRFLOW_CTX_EXECUTION_DATE='2024-08-03T18:45:42.797553+00:00' AIRFLOW_CTX_TRY_NUMBER='1' AIRFLOW_CTX_DAG_RUN_ID='manual__2024-08-03T18:45:42.797553+00:00'
[2024-08-03T18:45:45.327+0000] {logging_mixin.py:151} INFO - connected to reddit!
[2024-08-03T18:45:47.523+0000] {logging_mixin.py:151} INFO -          id  ... stickied
0   1ehlebx  ...    False
1   1ehpzgc  ...    False
2   1efb5xr  ...    False
3   1efsgqf  ...    False
4   1efy6al  ...    False
..      ...  ...      ...
95  1eg32t4  ...    False
96  1efwcst  ...    False
97  1eeifu5  ...    False
98  1eed5ma  ...    False
99  1ee0jmi  ...    False

[100 rows x 11 columns]
[2024-08-03T18:45:47.524+0000] {python.py:194} INFO - Done. Returned value was: None
[2024-08-03T18:45:47.543+0000] {taskinstance.py:1400} INFO - Marking task as SUCCESS. dag_id=etl_reddit_pipeline, task_id=reddit_extraction, execution_date=20240803T184542, start_date=20240803T184545, end_date=20240803T184547
[2024-08-03T18:45:47.569+0000] {local_task_job_runner.py:228} INFO - Task exited with return code 0
[2024-08-03T18:45:47.589+0000] {taskinstance.py:2778} INFO - 0 downstream tasks scheduled from follow-on schedule check
