[2024-08-01T14:59:01.150+0000] {taskinstance.py:1159} INFO - Dependencies all met for dep_context=non-requeueable deps ti=<TaskInstance: etl_reddit_pipeline.reddit_extraction scheduled__2024-07-29T00:00:00+00:00 [queued]>
[2024-08-01T14:59:01.168+0000] {taskinstance.py:1159} INFO - Dependencies all met for dep_context=requeueable deps ti=<TaskInstance: etl_reddit_pipeline.reddit_extraction scheduled__2024-07-29T00:00:00+00:00 [queued]>
[2024-08-01T14:59:01.168+0000] {taskinstance.py:1361} INFO - Starting attempt 1 of 1
[2024-08-01T14:59:01.198+0000] {taskinstance.py:1382} INFO - Executing <Task(PythonOperator): reddit_extraction> on 2024-07-29 00:00:00+00:00
[2024-08-01T14:59:01.204+0000] {standard_task_runner.py:57} INFO - Started process 52 to run task
[2024-08-01T14:59:01.210+0000] {standard_task_runner.py:84} INFO - Running: ['airflow', 'tasks', 'run', 'etl_reddit_pipeline', 'reddit_extraction', 'scheduled__2024-07-29T00:00:00+00:00', '--job-id', '18', '--raw', '--subdir', 'DAGS_FOLDER/reddit_dag.py', '--cfg-path', '/tmp/tmp2uz4kw20']
[2024-08-01T14:59:01.212+0000] {standard_task_runner.py:85} INFO - Job 18: Subtask reddit_extraction
[2024-08-01T14:59:01.304+0000] {task_command.py:416} INFO - Running <TaskInstance: etl_reddit_pipeline.reddit_extraction scheduled__2024-07-29T00:00:00+00:00 [running]> on host 8eab068d030e
[2024-08-01T14:59:01.479+0000] {taskinstance.py:1662} INFO - Exporting env vars: AIRFLOW_CTX_DAG_OWNER='Seif Yasser' AIRFLOW_CTX_DAG_ID='etl_reddit_pipeline' AIRFLOW_CTX_TASK_ID='reddit_extraction' AIRFLOW_CTX_EXECUTION_DATE='2024-07-29T00:00:00+00:00' AIRFLOW_CTX_TRY_NUMBER='1' AIRFLOW_CTX_DAG_RUN_ID='scheduled__2024-07-29T00:00:00+00:00'
[2024-08-01T14:59:01.896+0000] {logging_mixin.py:151} INFO - connected to reddit!
[2024-08-01T14:59:01.897+0000] {logging_mixin.py:151} INFO - <praw.models.listing.generator.ListingGenerator object at 0x7f4bf8586fa0>
[2024-08-01T14:59:02.856+0000] {taskinstance.py:1937} ERROR - Task failed with exception
Traceback (most recent call last):
  File "/home/airflow/.local/lib/python3.9/site-packages/airflow/operators/python.py", line 192, in execute
    return_value = self.execute_callable()
  File "/home/airflow/.local/lib/python3.9/site-packages/airflow/operators/python.py", line 209, in execute_callable
    return self.python_callable(*self.op_args, **self.op_kwargs)
  File "/opt/airflow/pipelines/reddit_pipeline.py", line 10, in reddit_pipeline
    posts = extract_posts(instance, subreddit, time_filter, limit)
  File "/opt/airflow/etls/reddit_etl.py", line 25, in extract_posts
    for post in posts:
  File "/home/airflow/.local/lib/python3.9/site-packages/praw/models/listing/generator.py", line 63, in __next__
    self._next_batch()
  File "/home/airflow/.local/lib/python3.9/site-packages/praw/models/listing/generator.py", line 89, in _next_batch
    self._listing = self._reddit.get(self.url, params=self.params)
  File "/home/airflow/.local/lib/python3.9/site-packages/praw/util/deprecate_args.py", line 43, in wrapped
    return func(**dict(zip(_old_args, args)), **kwargs)
  File "/home/airflow/.local/lib/python3.9/site-packages/praw/reddit.py", line 712, in get
    return self._objectify_request(method="GET", params=params, path=path)
  File "/home/airflow/.local/lib/python3.9/site-packages/praw/reddit.py", line 517, in _objectify_request
    self.request(
  File "/home/airflow/.local/lib/python3.9/site-packages/praw/util/deprecate_args.py", line 43, in wrapped
    return func(**dict(zip(_old_args, args)), **kwargs)
  File "/home/airflow/.local/lib/python3.9/site-packages/praw/reddit.py", line 941, in request
    return self._core.request(
  File "/home/airflow/.local/lib/python3.9/site-packages/prawcore/sessions.py", line 328, in request
    return self._request_with_retries(
  File "/home/airflow/.local/lib/python3.9/site-packages/prawcore/sessions.py", line 234, in _request_with_retries
    response, saved_exception = self._make_request(
  File "/home/airflow/.local/lib/python3.9/site-packages/prawcore/sessions.py", line 186, in _make_request
    response = self._rate_limiter.call(
  File "/home/airflow/.local/lib/python3.9/site-packages/prawcore/rate_limit.py", line 46, in call
    kwargs["headers"] = set_header_callback()
  File "/home/airflow/.local/lib/python3.9/site-packages/prawcore/sessions.py", line 282, in _set_header_callback
    self._authorizer.refresh()
  File "/home/airflow/.local/lib/python3.9/site-packages/prawcore/auth.py", line 378, in refresh
    self._request_token(grant_type="client_credentials", **additional_kwargs)
  File "/home/airflow/.local/lib/python3.9/site-packages/prawcore/auth.py", line 155, in _request_token
    response = self._authenticator._post(url=url, **data)
  File "/home/airflow/.local/lib/python3.9/site-packages/prawcore/auth.py", line 59, in _post
    raise ResponseException(response)
prawcore.exceptions.ResponseException: received 401 HTTP response
[2024-08-01T14:59:02.914+0000] {taskinstance.py:1400} INFO - Marking task as FAILED. dag_id=etl_reddit_pipeline, task_id=reddit_extraction, execution_date=20240729T000000, start_date=20240801T145901, end_date=20240801T145902
[2024-08-01T14:59:03.005+0000] {standard_task_runner.py:104} ERROR - Failed to execute job 18 for task reddit_extraction (received 401 HTTP response; 52)
[2024-08-01T14:59:03.031+0000] {local_task_job_runner.py:228} INFO - Task exited with return code 1
[2024-08-01T14:59:03.078+0000] {taskinstance.py:2778} INFO - 0 downstream tasks scheduled from follow-on schedule check
