[2024-08-03T15:27:25.475+0000] {processor.py:157} INFO - Started process (PID=238) to work on /opt/airflow/dags/etls.py
[2024-08-03T15:27:25.476+0000] {processor.py:829} INFO - Processing file /opt/airflow/dags/etls.py for tasks to queue
[2024-08-03T15:27:25.478+0000] {logging_mixin.py:151} INFO - [2024-08-03T15:27:25.477+0000] {dagbag.py:536} INFO - Filling up the DagBag from /opt/airflow/dags/etls.py
[2024-08-03T15:27:25.566+0000] {processor.py:841} WARNING - No viable dags retrieved from /opt/airflow/dags/etls.py
[2024-08-03T15:27:25.579+0000] {processor.py:179} INFO - Processing /opt/airflow/dags/etls.py took 0.108 seconds
[2024-08-03T15:27:55.804+0000] {processor.py:157} INFO - Started process (PID=241) to work on /opt/airflow/dags/etls.py
[2024-08-03T15:27:55.805+0000] {processor.py:829} INFO - Processing file /opt/airflow/dags/etls.py for tasks to queue
[2024-08-03T15:27:55.807+0000] {logging_mixin.py:151} INFO - [2024-08-03T15:27:55.806+0000] {dagbag.py:536} INFO - Filling up the DagBag from /opt/airflow/dags/etls.py
[2024-08-03T15:27:55.909+0000] {processor.py:841} WARNING - No viable dags retrieved from /opt/airflow/dags/etls.py
[2024-08-03T15:27:55.924+0000] {processor.py:179} INFO - Processing /opt/airflow/dags/etls.py took 0.124 seconds
[2024-08-03T15:28:26.143+0000] {processor.py:157} INFO - Started process (PID=243) to work on /opt/airflow/dags/etls.py
[2024-08-03T15:28:26.144+0000] {processor.py:829} INFO - Processing file /opt/airflow/dags/etls.py for tasks to queue
[2024-08-03T15:28:26.145+0000] {logging_mixin.py:151} INFO - [2024-08-03T15:28:26.145+0000] {dagbag.py:536} INFO - Filling up the DagBag from /opt/airflow/dags/etls.py
[2024-08-03T15:28:26.220+0000] {processor.py:841} WARNING - No viable dags retrieved from /opt/airflow/dags/etls.py
[2024-08-03T15:28:26.233+0000] {processor.py:179} INFO - Processing /opt/airflow/dags/etls.py took 0.093 seconds
[2024-08-03T15:28:56.467+0000] {processor.py:157} INFO - Started process (PID=245) to work on /opt/airflow/dags/etls.py
[2024-08-03T15:28:56.468+0000] {processor.py:829} INFO - Processing file /opt/airflow/dags/etls.py for tasks to queue
[2024-08-03T15:28:56.469+0000] {logging_mixin.py:151} INFO - [2024-08-03T15:28:56.469+0000] {dagbag.py:536} INFO - Filling up the DagBag from /opt/airflow/dags/etls.py
[2024-08-03T15:28:56.544+0000] {processor.py:841} WARNING - No viable dags retrieved from /opt/airflow/dags/etls.py
[2024-08-03T15:28:56.557+0000] {processor.py:179} INFO - Processing /opt/airflow/dags/etls.py took 0.093 seconds
[2024-08-03T15:29:26.794+0000] {processor.py:157} INFO - Started process (PID=247) to work on /opt/airflow/dags/etls.py
[2024-08-03T15:29:26.795+0000] {processor.py:829} INFO - Processing file /opt/airflow/dags/etls.py for tasks to queue
[2024-08-03T15:29:26.796+0000] {logging_mixin.py:151} INFO - [2024-08-03T15:29:26.796+0000] {dagbag.py:536} INFO - Filling up the DagBag from /opt/airflow/dags/etls.py
[2024-08-03T15:29:26.879+0000] {processor.py:841} WARNING - No viable dags retrieved from /opt/airflow/dags/etls.py
[2024-08-03T15:29:26.898+0000] {processor.py:179} INFO - Processing /opt/airflow/dags/etls.py took 0.108 seconds
[2024-08-03T15:29:57.269+0000] {processor.py:157} INFO - Started process (PID=250) to work on /opt/airflow/dags/etls.py
[2024-08-03T15:29:57.270+0000] {processor.py:829} INFO - Processing file /opt/airflow/dags/etls.py for tasks to queue
[2024-08-03T15:29:57.271+0000] {logging_mixin.py:151} INFO - [2024-08-03T15:29:57.271+0000] {dagbag.py:536} INFO - Filling up the DagBag from /opt/airflow/dags/etls.py
[2024-08-03T15:29:57.372+0000] {processor.py:841} WARNING - No viable dags retrieved from /opt/airflow/dags/etls.py
[2024-08-03T15:29:57.384+0000] {processor.py:179} INFO - Processing /opt/airflow/dags/etls.py took 0.118 seconds
[2024-08-03T15:30:27.614+0000] {processor.py:157} INFO - Started process (PID=252) to work on /opt/airflow/dags/etls.py
[2024-08-03T15:30:27.616+0000] {processor.py:829} INFO - Processing file /opt/airflow/dags/etls.py for tasks to queue
[2024-08-03T15:30:27.617+0000] {logging_mixin.py:151} INFO - [2024-08-03T15:30:27.616+0000] {dagbag.py:536} INFO - Filling up the DagBag from /opt/airflow/dags/etls.py
[2024-08-03T15:30:27.696+0000] {processor.py:841} WARNING - No viable dags retrieved from /opt/airflow/dags/etls.py
[2024-08-03T15:30:27.714+0000] {processor.py:179} INFO - Processing /opt/airflow/dags/etls.py took 0.102 seconds
[2024-08-03T15:30:57.929+0000] {processor.py:157} INFO - Started process (PID=254) to work on /opt/airflow/dags/etls.py
[2024-08-03T15:30:57.930+0000] {processor.py:829} INFO - Processing file /opt/airflow/dags/etls.py for tasks to queue
[2024-08-03T15:30:57.931+0000] {logging_mixin.py:151} INFO - [2024-08-03T15:30:57.931+0000] {dagbag.py:536} INFO - Filling up the DagBag from /opt/airflow/dags/etls.py
[2024-08-03T15:30:58.011+0000] {processor.py:841} WARNING - No viable dags retrieved from /opt/airflow/dags/etls.py
[2024-08-03T15:30:58.024+0000] {processor.py:179} INFO - Processing /opt/airflow/dags/etls.py took 0.098 seconds
[2024-08-03T15:31:28.252+0000] {processor.py:157} INFO - Started process (PID=256) to work on /opt/airflow/dags/etls.py
[2024-08-03T15:31:28.253+0000] {processor.py:829} INFO - Processing file /opt/airflow/dags/etls.py for tasks to queue
[2024-08-03T15:31:28.254+0000] {logging_mixin.py:151} INFO - [2024-08-03T15:31:28.254+0000] {dagbag.py:536} INFO - Filling up the DagBag from /opt/airflow/dags/etls.py
[2024-08-03T15:31:28.329+0000] {processor.py:841} WARNING - No viable dags retrieved from /opt/airflow/dags/etls.py
[2024-08-03T15:31:28.343+0000] {processor.py:179} INFO - Processing /opt/airflow/dags/etls.py took 0.094 seconds
[2024-08-03T15:31:58.552+0000] {processor.py:157} INFO - Started process (PID=258) to work on /opt/airflow/dags/etls.py
[2024-08-03T15:31:58.553+0000] {processor.py:829} INFO - Processing file /opt/airflow/dags/etls.py for tasks to queue
[2024-08-03T15:31:58.554+0000] {logging_mixin.py:151} INFO - [2024-08-03T15:31:58.553+0000] {dagbag.py:536} INFO - Filling up the DagBag from /opt/airflow/dags/etls.py
[2024-08-03T15:31:58.625+0000] {processor.py:841} WARNING - No viable dags retrieved from /opt/airflow/dags/etls.py
[2024-08-03T15:31:58.638+0000] {processor.py:179} INFO - Processing /opt/airflow/dags/etls.py took 0.090 seconds
[2024-08-03T15:32:28.915+0000] {processor.py:157} INFO - Started process (PID=260) to work on /opt/airflow/dags/etls.py
[2024-08-03T15:32:28.917+0000] {processor.py:829} INFO - Processing file /opt/airflow/dags/etls.py for tasks to queue
[2024-08-03T15:32:28.918+0000] {logging_mixin.py:151} INFO - [2024-08-03T15:32:28.918+0000] {dagbag.py:536} INFO - Filling up the DagBag from /opt/airflow/dags/etls.py
[2024-08-03T15:32:29.005+0000] {processor.py:841} WARNING - No viable dags retrieved from /opt/airflow/dags/etls.py
[2024-08-03T15:32:29.022+0000] {processor.py:179} INFO - Processing /opt/airflow/dags/etls.py took 0.110 seconds
[2024-08-03T15:32:59.279+0000] {processor.py:157} INFO - Started process (PID=263) to work on /opt/airflow/dags/etls.py
[2024-08-03T15:32:59.280+0000] {processor.py:829} INFO - Processing file /opt/airflow/dags/etls.py for tasks to queue
[2024-08-03T15:32:59.282+0000] {logging_mixin.py:151} INFO - [2024-08-03T15:32:59.281+0000] {dagbag.py:536} INFO - Filling up the DagBag from /opt/airflow/dags/etls.py
[2024-08-03T15:32:59.360+0000] {processor.py:841} WARNING - No viable dags retrieved from /opt/airflow/dags/etls.py
[2024-08-03T15:32:59.374+0000] {processor.py:179} INFO - Processing /opt/airflow/dags/etls.py took 0.097 seconds
[2024-08-03T15:33:29.610+0000] {processor.py:157} INFO - Started process (PID=265) to work on /opt/airflow/dags/etls.py
[2024-08-03T15:33:29.612+0000] {processor.py:829} INFO - Processing file /opt/airflow/dags/etls.py for tasks to queue
[2024-08-03T15:33:29.613+0000] {logging_mixin.py:151} INFO - [2024-08-03T15:33:29.613+0000] {dagbag.py:536} INFO - Filling up the DagBag from /opt/airflow/dags/etls.py
[2024-08-03T15:33:29.691+0000] {processor.py:841} WARNING - No viable dags retrieved from /opt/airflow/dags/etls.py
[2024-08-03T15:33:29.704+0000] {processor.py:179} INFO - Processing /opt/airflow/dags/etls.py took 0.097 seconds
[2024-08-03T15:33:59.934+0000] {processor.py:157} INFO - Started process (PID=267) to work on /opt/airflow/dags/etls.py
[2024-08-03T15:33:59.935+0000] {processor.py:829} INFO - Processing file /opt/airflow/dags/etls.py for tasks to queue
[2024-08-03T15:33:59.936+0000] {logging_mixin.py:151} INFO - [2024-08-03T15:33:59.936+0000] {dagbag.py:536} INFO - Filling up the DagBag from /opt/airflow/dags/etls.py
[2024-08-03T15:34:00.012+0000] {processor.py:841} WARNING - No viable dags retrieved from /opt/airflow/dags/etls.py
[2024-08-03T15:34:00.026+0000] {processor.py:179} INFO - Processing /opt/airflow/dags/etls.py took 0.095 seconds
[2024-08-03T15:34:14.138+0000] {processor.py:157} INFO - Started process (PID=269) to work on /opt/airflow/dags/etls.py
[2024-08-03T15:34:14.140+0000] {processor.py:829} INFO - Processing file /opt/airflow/dags/etls.py for tasks to queue
[2024-08-03T15:34:14.141+0000] {logging_mixin.py:151} INFO - [2024-08-03T15:34:14.140+0000] {dagbag.py:536} INFO - Filling up the DagBag from /opt/airflow/dags/etls.py
[2024-08-03T15:34:14.170+0000] {logging_mixin.py:151} INFO - [2024-08-03T15:34:14.166+0000] {dagbag.py:346} ERROR - Failed to import: /opt/airflow/dags/etls.py
Traceback (most recent call last):
  File "/home/airflow/.local/lib/python3.9/site-packages/airflow/models/dagbag.py", line 342, in parse
    loader.exec_module(new_module)
  File "<frozen importlib._bootstrap_external>", line 850, in exec_module
  File "<frozen importlib._bootstrap>", line 228, in _call_with_frames_removed
  File "/opt/airflow/dags/etls.py", line 41, in <module>
    from etls.reddit_etl import connect_reddit, extract_posts
  File "/opt/airflow/dags/etls.py", line 41, in <module>
    from etls.reddit_etl import connect_reddit, extract_posts
ModuleNotFoundError: No module named 'etls.reddit_etl'; 'etls' is not a package
[2024-08-03T15:34:14.172+0000] {processor.py:841} WARNING - No viable dags retrieved from /opt/airflow/dags/etls.py
[2024-08-03T15:34:14.194+0000] {processor.py:179} INFO - Processing /opt/airflow/dags/etls.py took 0.059 seconds
[2024-08-03T15:34:44.406+0000] {processor.py:157} INFO - Started process (PID=271) to work on /opt/airflow/dags/etls.py
[2024-08-03T15:34:44.407+0000] {processor.py:829} INFO - Processing file /opt/airflow/dags/etls.py for tasks to queue
[2024-08-03T15:34:44.408+0000] {logging_mixin.py:151} INFO - [2024-08-03T15:34:44.408+0000] {dagbag.py:536} INFO - Filling up the DagBag from /opt/airflow/dags/etls.py
[2024-08-03T15:34:44.427+0000] {logging_mixin.py:151} INFO - [2024-08-03T15:34:44.424+0000] {dagbag.py:346} ERROR - Failed to import: /opt/airflow/dags/etls.py
Traceback (most recent call last):
  File "/home/airflow/.local/lib/python3.9/site-packages/airflow/models/dagbag.py", line 342, in parse
    loader.exec_module(new_module)
  File "<frozen importlib._bootstrap_external>", line 850, in exec_module
  File "<frozen importlib._bootstrap>", line 228, in _call_with_frames_removed
  File "/opt/airflow/dags/etls.py", line 41, in <module>
    from etls.reddit_etl import connect_reddit, extract_posts
  File "/opt/airflow/dags/etls.py", line 41, in <module>
    from etls.reddit_etl import connect_reddit, extract_posts
ModuleNotFoundError: No module named 'etls.reddit_etl'; 'etls' is not a package
[2024-08-03T15:34:44.428+0000] {processor.py:841} WARNING - No viable dags retrieved from /opt/airflow/dags/etls.py
[2024-08-03T15:34:44.446+0000] {processor.py:179} INFO - Processing /opt/airflow/dags/etls.py took 0.043 seconds
[2024-08-03T15:35:14.645+0000] {processor.py:157} INFO - Started process (PID=273) to work on /opt/airflow/dags/etls.py
[2024-08-03T15:35:14.646+0000] {processor.py:829} INFO - Processing file /opt/airflow/dags/etls.py for tasks to queue
[2024-08-03T15:35:14.647+0000] {logging_mixin.py:151} INFO - [2024-08-03T15:35:14.647+0000] {dagbag.py:536} INFO - Filling up the DagBag from /opt/airflow/dags/etls.py
[2024-08-03T15:35:14.669+0000] {logging_mixin.py:151} INFO - [2024-08-03T15:35:14.666+0000] {dagbag.py:346} ERROR - Failed to import: /opt/airflow/dags/etls.py
Traceback (most recent call last):
  File "/home/airflow/.local/lib/python3.9/site-packages/airflow/models/dagbag.py", line 342, in parse
    loader.exec_module(new_module)
  File "<frozen importlib._bootstrap_external>", line 850, in exec_module
  File "<frozen importlib._bootstrap>", line 228, in _call_with_frames_removed
  File "/opt/airflow/dags/etls.py", line 41, in <module>
    from etls.reddit_etl import connect_reddit, extract_posts
  File "/opt/airflow/dags/etls.py", line 41, in <module>
    from etls.reddit_etl import connect_reddit, extract_posts
ModuleNotFoundError: No module named 'etls.reddit_etl'; 'etls' is not a package
[2024-08-03T15:35:14.671+0000] {processor.py:841} WARNING - No viable dags retrieved from /opt/airflow/dags/etls.py
[2024-08-03T15:35:14.691+0000] {processor.py:179} INFO - Processing /opt/airflow/dags/etls.py took 0.049 seconds
