[2024-08-03T15:42:26.984+0000] {processor.py:157} INFO - Started process (PID=299) to work on /opt/airflow/dags/reddit_pipeline.py
[2024-08-03T15:42:26.985+0000] {processor.py:829} INFO - Processing file /opt/airflow/dags/reddit_pipeline.py for tasks to queue
[2024-08-03T15:42:26.986+0000] {logging_mixin.py:151} INFO - [2024-08-03T15:42:26.986+0000] {dagbag.py:536} INFO - Filling up the DagBag from /opt/airflow/dags/reddit_pipeline.py
[2024-08-03T15:42:27.086+0000] {processor.py:841} WARNING - No viable dags retrieved from /opt/airflow/dags/reddit_pipeline.py
[2024-08-03T15:42:27.097+0000] {processor.py:179} INFO - Processing /opt/airflow/dags/reddit_pipeline.py took 0.116 seconds
[2024-08-03T15:42:57.299+0000] {processor.py:157} INFO - Started process (PID=301) to work on /opt/airflow/dags/reddit_pipeline.py
[2024-08-03T15:42:57.300+0000] {processor.py:829} INFO - Processing file /opt/airflow/dags/reddit_pipeline.py for tasks to queue
[2024-08-03T15:42:57.301+0000] {logging_mixin.py:151} INFO - [2024-08-03T15:42:57.301+0000] {dagbag.py:536} INFO - Filling up the DagBag from /opt/airflow/dags/reddit_pipeline.py
[2024-08-03T15:42:57.392+0000] {processor.py:841} WARNING - No viable dags retrieved from /opt/airflow/dags/reddit_pipeline.py
[2024-08-03T15:42:57.404+0000] {processor.py:179} INFO - Processing /opt/airflow/dags/reddit_pipeline.py took 0.108 seconds
[2024-08-03T15:43:27.629+0000] {processor.py:157} INFO - Started process (PID=303) to work on /opt/airflow/dags/reddit_pipeline.py
[2024-08-03T15:43:27.630+0000] {processor.py:829} INFO - Processing file /opt/airflow/dags/reddit_pipeline.py for tasks to queue
[2024-08-03T15:43:27.632+0000] {logging_mixin.py:151} INFO - [2024-08-03T15:43:27.631+0000] {dagbag.py:536} INFO - Filling up the DagBag from /opt/airflow/dags/reddit_pipeline.py
[2024-08-03T15:43:27.791+0000] {logging_mixin.py:151} INFO - [2024-08-03T15:43:27.781+0000] {dagbag.py:346} ERROR - Failed to import: /opt/airflow/dags/reddit_pipeline.py
Traceback (most recent call last):
  File "/home/airflow/.local/lib/python3.9/site-packages/airflow/models/dagbag.py", line 342, in parse
    loader.exec_module(new_module)
  File "<frozen importlib._bootstrap_external>", line 850, in exec_module
  File "<frozen importlib._bootstrap>", line 228, in _call_with_frames_removed
  File "/opt/airflow/dags/reddit_pipeline.py", line 40, in <module>
    from etls.reddit_etl import connect_reddit, extract_posts
  File "/opt/airflow/dags/etls/reddit_etl.py", line 7, in <module>
    from utils.constants import POST_FIELDS
  File "/opt/airflow/dags/utils/constants.py", line 7, in <module>
    SECRET = parser.get('api_keys', 'reddit_secret_key')
  File "/usr/local/lib/python3.9/configparser.py", line 781, in get
    d = self._unify_values(section, vars)
  File "/usr/local/lib/python3.9/configparser.py", line 1152, in _unify_values
    raise NoSectionError(section) from None
configparser.NoSectionError: No section: 'api_keys'
[2024-08-03T15:43:27.792+0000] {processor.py:841} WARNING - No viable dags retrieved from /opt/airflow/dags/reddit_pipeline.py
[2024-08-03T15:43:27.814+0000] {processor.py:179} INFO - Processing /opt/airflow/dags/reddit_pipeline.py took 0.190 seconds
[2024-08-03T15:43:58.040+0000] {processor.py:157} INFO - Started process (PID=305) to work on /opt/airflow/dags/reddit_pipeline.py
[2024-08-03T15:43:58.041+0000] {processor.py:829} INFO - Processing file /opt/airflow/dags/reddit_pipeline.py for tasks to queue
[2024-08-03T15:43:58.042+0000] {logging_mixin.py:151} INFO - [2024-08-03T15:43:58.042+0000] {dagbag.py:536} INFO - Filling up the DagBag from /opt/airflow/dags/reddit_pipeline.py
[2024-08-03T15:43:58.149+0000] {logging_mixin.py:151} INFO - [2024-08-03T15:43:58.143+0000] {dagbag.py:346} ERROR - Failed to import: /opt/airflow/dags/reddit_pipeline.py
Traceback (most recent call last):
  File "/home/airflow/.local/lib/python3.9/site-packages/airflow/models/dagbag.py", line 342, in parse
    loader.exec_module(new_module)
  File "<frozen importlib._bootstrap_external>", line 850, in exec_module
  File "<frozen importlib._bootstrap>", line 228, in _call_with_frames_removed
  File "/opt/airflow/dags/reddit_pipeline.py", line 40, in <module>
    from etls.reddit_etl import connect_reddit, extract_posts
  File "/opt/airflow/dags/etls/reddit_etl.py", line 7, in <module>
    from utils.constants import POST_FIELDS
  File "/opt/airflow/dags/utils/constants.py", line 7, in <module>
    SECRET = parser.get('api_keys', 'reddit_secret_key')
  File "/usr/local/lib/python3.9/configparser.py", line 781, in get
    d = self._unify_values(section, vars)
  File "/usr/local/lib/python3.9/configparser.py", line 1152, in _unify_values
    raise NoSectionError(section) from None
configparser.NoSectionError: No section: 'api_keys'
[2024-08-03T15:43:58.150+0000] {processor.py:841} WARNING - No viable dags retrieved from /opt/airflow/dags/reddit_pipeline.py
[2024-08-03T15:43:58.169+0000] {processor.py:179} INFO - Processing /opt/airflow/dags/reddit_pipeline.py took 0.133 seconds
[2024-08-03T15:44:28.452+0000] {processor.py:157} INFO - Started process (PID=307) to work on /opt/airflow/dags/reddit_pipeline.py
[2024-08-03T15:44:28.453+0000] {processor.py:829} INFO - Processing file /opt/airflow/dags/reddit_pipeline.py for tasks to queue
[2024-08-03T15:44:28.455+0000] {logging_mixin.py:151} INFO - [2024-08-03T15:44:28.454+0000] {dagbag.py:536} INFO - Filling up the DagBag from /opt/airflow/dags/reddit_pipeline.py
[2024-08-03T15:44:28.565+0000] {logging_mixin.py:151} INFO - [2024-08-03T15:44:28.558+0000] {dagbag.py:346} ERROR - Failed to import: /opt/airflow/dags/reddit_pipeline.py
Traceback (most recent call last):
  File "/home/airflow/.local/lib/python3.9/site-packages/airflow/models/dagbag.py", line 342, in parse
    loader.exec_module(new_module)
  File "<frozen importlib._bootstrap_external>", line 850, in exec_module
  File "<frozen importlib._bootstrap>", line 228, in _call_with_frames_removed
  File "/opt/airflow/dags/reddit_pipeline.py", line 40, in <module>
    from etls.reddit_etl import connect_reddit, extract_posts
  File "/opt/airflow/dags/etls/reddit_etl.py", line 7, in <module>
    from utils.constants import POST_FIELDS
  File "/opt/airflow/dags/utils/constants.py", line 7, in <module>
    SECRET = parser.get('api_keys', 'reddit_secret_key')
  File "/usr/local/lib/python3.9/configparser.py", line 781, in get
    d = self._unify_values(section, vars)
  File "/usr/local/lib/python3.9/configparser.py", line 1152, in _unify_values
    raise NoSectionError(section) from None
configparser.NoSectionError: No section: 'api_keys'
[2024-08-03T15:44:28.566+0000] {processor.py:841} WARNING - No viable dags retrieved from /opt/airflow/dags/reddit_pipeline.py
[2024-08-03T15:44:28.630+0000] {processor.py:179} INFO - Processing /opt/airflow/dags/reddit_pipeline.py took 0.182 seconds
[2024-08-03T15:44:58.843+0000] {processor.py:157} INFO - Started process (PID=309) to work on /opt/airflow/dags/reddit_pipeline.py
[2024-08-03T15:44:58.844+0000] {processor.py:829} INFO - Processing file /opt/airflow/dags/reddit_pipeline.py for tasks to queue
[2024-08-03T15:44:58.845+0000] {logging_mixin.py:151} INFO - [2024-08-03T15:44:58.844+0000] {dagbag.py:536} INFO - Filling up the DagBag from /opt/airflow/dags/reddit_pipeline.py
[2024-08-03T15:44:58.949+0000] {logging_mixin.py:151} INFO - [2024-08-03T15:44:58.943+0000] {dagbag.py:346} ERROR - Failed to import: /opt/airflow/dags/reddit_pipeline.py
Traceback (most recent call last):
  File "/home/airflow/.local/lib/python3.9/site-packages/airflow/models/dagbag.py", line 342, in parse
    loader.exec_module(new_module)
  File "<frozen importlib._bootstrap_external>", line 850, in exec_module
  File "<frozen importlib._bootstrap>", line 228, in _call_with_frames_removed
  File "/opt/airflow/dags/reddit_pipeline.py", line 40, in <module>
    from etls.reddit_etl import connect_reddit, extract_posts
  File "/opt/airflow/dags/etls/reddit_etl.py", line 7, in <module>
    from utils.constants import POST_FIELDS
  File "/opt/airflow/dags/utils/constants.py", line 7, in <module>
    SECRET = parser.get('api_keys', 'reddit_secret_key')
  File "/usr/local/lib/python3.9/configparser.py", line 781, in get
    d = self._unify_values(section, vars)
  File "/usr/local/lib/python3.9/configparser.py", line 1152, in _unify_values
    raise NoSectionError(section) from None
configparser.NoSectionError: No section: 'api_keys'
[2024-08-03T15:44:58.949+0000] {processor.py:841} WARNING - No viable dags retrieved from /opt/airflow/dags/reddit_pipeline.py
[2024-08-03T15:44:58.966+0000] {processor.py:179} INFO - Processing /opt/airflow/dags/reddit_pipeline.py took 0.127 seconds
[2024-08-03T15:45:29.198+0000] {processor.py:157} INFO - Started process (PID=311) to work on /opt/airflow/dags/reddit_pipeline.py
[2024-08-03T15:45:29.199+0000] {processor.py:829} INFO - Processing file /opt/airflow/dags/reddit_pipeline.py for tasks to queue
[2024-08-03T15:45:29.200+0000] {logging_mixin.py:151} INFO - [2024-08-03T15:45:29.199+0000] {dagbag.py:536} INFO - Filling up the DagBag from /opt/airflow/dags/reddit_pipeline.py
[2024-08-03T15:45:29.305+0000] {logging_mixin.py:151} INFO - [2024-08-03T15:45:29.298+0000] {dagbag.py:346} ERROR - Failed to import: /opt/airflow/dags/reddit_pipeline.py
Traceback (most recent call last):
  File "/home/airflow/.local/lib/python3.9/site-packages/airflow/models/dagbag.py", line 342, in parse
    loader.exec_module(new_module)
  File "<frozen importlib._bootstrap_external>", line 850, in exec_module
  File "<frozen importlib._bootstrap>", line 228, in _call_with_frames_removed
  File "/opt/airflow/dags/reddit_pipeline.py", line 40, in <module>
    from etls.reddit_etl import connect_reddit, extract_posts
  File "/opt/airflow/dags/etls/reddit_etl.py", line 7, in <module>
    from utils.constants import POST_FIELDS
  File "/opt/airflow/dags/utils/constants.py", line 7, in <module>
    SECRET = parser.get('api_keys', 'reddit_secret_key')
  File "/usr/local/lib/python3.9/configparser.py", line 781, in get
    d = self._unify_values(section, vars)
  File "/usr/local/lib/python3.9/configparser.py", line 1152, in _unify_values
    raise NoSectionError(section) from None
configparser.NoSectionError: No section: 'api_keys'
[2024-08-03T15:45:29.305+0000] {processor.py:841} WARNING - No viable dags retrieved from /opt/airflow/dags/reddit_pipeline.py
[2024-08-03T15:45:29.327+0000] {processor.py:179} INFO - Processing /opt/airflow/dags/reddit_pipeline.py took 0.133 seconds
[2024-08-03T15:45:50.486+0000] {processor.py:157} INFO - Started process (PID=313) to work on /opt/airflow/dags/reddit_pipeline.py
[2024-08-03T15:45:50.487+0000] {processor.py:829} INFO - Processing file /opt/airflow/dags/reddit_pipeline.py for tasks to queue
[2024-08-03T15:45:50.488+0000] {logging_mixin.py:151} INFO - [2024-08-03T15:45:50.488+0000] {dagbag.py:536} INFO - Filling up the DagBag from /opt/airflow/dags/reddit_pipeline.py
[2024-08-03T15:45:50.603+0000] {logging_mixin.py:151} INFO - [2024-08-03T15:45:50.596+0000] {dagbag.py:346} ERROR - Failed to import: /opt/airflow/dags/reddit_pipeline.py
Traceback (most recent call last):
  File "/home/airflow/.local/lib/python3.9/site-packages/airflow/models/dagbag.py", line 342, in parse
    loader.exec_module(new_module)
  File "<frozen importlib._bootstrap_external>", line 850, in exec_module
  File "<frozen importlib._bootstrap>", line 228, in _call_with_frames_removed
  File "/opt/airflow/dags/reddit_pipeline.py", line 40, in <module>
    from etls.reddit_etl import connect_reddit, extract_posts
  File "/opt/airflow/dags/etls/reddit_etl.py", line 7, in <module>
    from utils.constants import POST_FIELDS
  File "/opt/airflow/dags/utils/constants.py", line 7, in <module>
    SECRET = parser.get('api_keys', 'reddit_secret_key')
  File "/usr/local/lib/python3.9/configparser.py", line 781, in get
    d = self._unify_values(section, vars)
  File "/usr/local/lib/python3.9/configparser.py", line 1152, in _unify_values
    raise NoSectionError(section) from None
configparser.NoSectionError: No section: 'api_keys'
[2024-08-03T15:45:50.604+0000] {processor.py:841} WARNING - No viable dags retrieved from /opt/airflow/dags/reddit_pipeline.py
[2024-08-03T15:45:50.620+0000] {processor.py:179} INFO - Processing /opt/airflow/dags/reddit_pipeline.py took 0.139 seconds
[2024-08-03T15:46:20.834+0000] {processor.py:157} INFO - Started process (PID=315) to work on /opt/airflow/dags/reddit_pipeline.py
[2024-08-03T15:46:20.835+0000] {processor.py:829} INFO - Processing file /opt/airflow/dags/reddit_pipeline.py for tasks to queue
[2024-08-03T15:46:20.836+0000] {logging_mixin.py:151} INFO - [2024-08-03T15:46:20.836+0000] {dagbag.py:536} INFO - Filling up the DagBag from /opt/airflow/dags/reddit_pipeline.py
[2024-08-03T15:46:20.956+0000] {logging_mixin.py:151} INFO - [2024-08-03T15:46:20.949+0000] {dagbag.py:346} ERROR - Failed to import: /opt/airflow/dags/reddit_pipeline.py
Traceback (most recent call last):
  File "/home/airflow/.local/lib/python3.9/site-packages/airflow/models/dagbag.py", line 342, in parse
    loader.exec_module(new_module)
  File "<frozen importlib._bootstrap_external>", line 850, in exec_module
  File "<frozen importlib._bootstrap>", line 228, in _call_with_frames_removed
  File "/opt/airflow/dags/reddit_pipeline.py", line 40, in <module>
    from etls.reddit_etl import connect_reddit, extract_posts
  File "/opt/airflow/dags/etls/reddit_etl.py", line 7, in <module>
    from utils.constants import POST_FIELDS
  File "/opt/airflow/dags/utils/constants.py", line 7, in <module>
    SECRET = parser.get('api_keys', 'reddit_secret_key')
  File "/usr/local/lib/python3.9/configparser.py", line 781, in get
    d = self._unify_values(section, vars)
  File "/usr/local/lib/python3.9/configparser.py", line 1152, in _unify_values
    raise NoSectionError(section) from None
configparser.NoSectionError: No section: 'api_keys'
[2024-08-03T15:46:20.957+0000] {processor.py:841} WARNING - No viable dags retrieved from /opt/airflow/dags/reddit_pipeline.py
[2024-08-03T15:46:20.975+0000] {processor.py:179} INFO - Processing /opt/airflow/dags/reddit_pipeline.py took 0.144 seconds
[2024-08-03T15:46:51.182+0000] {processor.py:157} INFO - Started process (PID=317) to work on /opt/airflow/dags/reddit_pipeline.py
[2024-08-03T15:46:51.183+0000] {processor.py:829} INFO - Processing file /opt/airflow/dags/reddit_pipeline.py for tasks to queue
[2024-08-03T15:46:51.185+0000] {logging_mixin.py:151} INFO - [2024-08-03T15:46:51.184+0000] {dagbag.py:536} INFO - Filling up the DagBag from /opt/airflow/dags/reddit_pipeline.py
[2024-08-03T15:46:51.293+0000] {logging_mixin.py:151} INFO - [2024-08-03T15:46:51.285+0000] {dagbag.py:346} ERROR - Failed to import: /opt/airflow/dags/reddit_pipeline.py
Traceback (most recent call last):
  File "/home/airflow/.local/lib/python3.9/site-packages/airflow/models/dagbag.py", line 342, in parse
    loader.exec_module(new_module)
  File "<frozen importlib._bootstrap_external>", line 850, in exec_module
  File "<frozen importlib._bootstrap>", line 228, in _call_with_frames_removed
  File "/opt/airflow/dags/reddit_pipeline.py", line 40, in <module>
    from etls.reddit_etl import connect_reddit, extract_posts
  File "/opt/airflow/dags/etls/reddit_etl.py", line 7, in <module>
    from utils.constants import POST_FIELDS
  File "/opt/airflow/dags/utils/constants.py", line 7, in <module>
    SECRET = parser.get('api_keys', 'reddit_secret_key')
  File "/usr/local/lib/python3.9/configparser.py", line 781, in get
    d = self._unify_values(section, vars)
  File "/usr/local/lib/python3.9/configparser.py", line 1152, in _unify_values
    raise NoSectionError(section) from None
configparser.NoSectionError: No section: 'api_keys'
[2024-08-03T15:46:51.293+0000] {processor.py:841} WARNING - No viable dags retrieved from /opt/airflow/dags/reddit_pipeline.py
[2024-08-03T15:46:51.312+0000] {processor.py:179} INFO - Processing /opt/airflow/dags/reddit_pipeline.py took 0.133 seconds
[2024-08-03T15:47:21.514+0000] {processor.py:157} INFO - Started process (PID=319) to work on /opt/airflow/dags/reddit_pipeline.py
[2024-08-03T15:47:21.515+0000] {processor.py:829} INFO - Processing file /opt/airflow/dags/reddit_pipeline.py for tasks to queue
[2024-08-03T15:47:21.517+0000] {logging_mixin.py:151} INFO - [2024-08-03T15:47:21.516+0000] {dagbag.py:536} INFO - Filling up the DagBag from /opt/airflow/dags/reddit_pipeline.py
[2024-08-03T15:47:21.534+0000] {logging_mixin.py:151} INFO - [2024-08-03T15:47:21.532+0000] {dagbag.py:346} ERROR - Failed to import: /opt/airflow/dags/reddit_pipeline.py
Traceback (most recent call last):
  File "/home/airflow/.local/lib/python3.9/site-packages/airflow/models/dagbag.py", line 342, in parse
    loader.exec_module(new_module)
  File "<frozen importlib._bootstrap_external>", line 850, in exec_module
  File "<frozen importlib._bootstrap>", line 228, in _call_with_frames_removed
  File "/opt/airflow/dags/reddit_pipeline.py", line 40, in <module>
    from etls.reddit_etl import connect_reddit, extract_posts
ModuleNotFoundError: No module named 'etls'
[2024-08-03T15:47:21.535+0000] {processor.py:841} WARNING - No viable dags retrieved from /opt/airflow/dags/reddit_pipeline.py
[2024-08-03T15:47:21.552+0000] {processor.py:179} INFO - Processing /opt/airflow/dags/reddit_pipeline.py took 0.041 seconds
[2024-08-03T15:47:25.545+0000] {processor.py:157} INFO - Started process (PID=320) to work on /opt/airflow/dags/reddit_pipeline.py
[2024-08-03T15:47:25.546+0000] {processor.py:829} INFO - Processing file /opt/airflow/dags/reddit_pipeline.py for tasks to queue
[2024-08-03T15:47:25.547+0000] {logging_mixin.py:151} INFO - [2024-08-03T15:47:25.547+0000] {dagbag.py:536} INFO - Filling up the DagBag from /opt/airflow/dags/reddit_pipeline.py
[2024-08-03T15:47:25.630+0000] {processor.py:841} WARNING - No viable dags retrieved from /opt/airflow/dags/reddit_pipeline.py
[2024-08-03T15:47:25.645+0000] {processor.py:179} INFO - Processing /opt/airflow/dags/reddit_pipeline.py took 0.102 seconds
[2024-08-03T15:47:55.860+0000] {processor.py:157} INFO - Started process (PID=322) to work on /opt/airflow/dags/reddit_pipeline.py
[2024-08-03T15:47:55.861+0000] {processor.py:829} INFO - Processing file /opt/airflow/dags/reddit_pipeline.py for tasks to queue
[2024-08-03T15:47:55.863+0000] {logging_mixin.py:151} INFO - [2024-08-03T15:47:55.863+0000] {dagbag.py:536} INFO - Filling up the DagBag from /opt/airflow/dags/reddit_pipeline.py
[2024-08-03T15:47:55.947+0000] {processor.py:841} WARNING - No viable dags retrieved from /opt/airflow/dags/reddit_pipeline.py
[2024-08-03T15:47:55.959+0000] {processor.py:179} INFO - Processing /opt/airflow/dags/reddit_pipeline.py took 0.104 seconds
[2024-08-03T15:48:26.188+0000] {processor.py:157} INFO - Started process (PID=324) to work on /opt/airflow/dags/reddit_pipeline.py
[2024-08-03T15:48:26.189+0000] {processor.py:829} INFO - Processing file /opt/airflow/dags/reddit_pipeline.py for tasks to queue
[2024-08-03T15:48:26.190+0000] {logging_mixin.py:151} INFO - [2024-08-03T15:48:26.189+0000] {dagbag.py:536} INFO - Filling up the DagBag from /opt/airflow/dags/reddit_pipeline.py
[2024-08-03T15:48:26.264+0000] {processor.py:841} WARNING - No viable dags retrieved from /opt/airflow/dags/reddit_pipeline.py
[2024-08-03T15:48:26.278+0000] {processor.py:179} INFO - Processing /opt/airflow/dags/reddit_pipeline.py took 0.093 seconds
[2024-08-03T15:48:56.496+0000] {processor.py:157} INFO - Started process (PID=326) to work on /opt/airflow/dags/reddit_pipeline.py
[2024-08-03T15:48:56.497+0000] {processor.py:829} INFO - Processing file /opt/airflow/dags/reddit_pipeline.py for tasks to queue
[2024-08-03T15:48:56.498+0000] {logging_mixin.py:151} INFO - [2024-08-03T15:48:56.498+0000] {dagbag.py:536} INFO - Filling up the DagBag from /opt/airflow/dags/reddit_pipeline.py
[2024-08-03T15:48:56.576+0000] {processor.py:841} WARNING - No viable dags retrieved from /opt/airflow/dags/reddit_pipeline.py
[2024-08-03T15:48:56.589+0000] {processor.py:179} INFO - Processing /opt/airflow/dags/reddit_pipeline.py took 0.096 seconds
[2024-08-03T15:49:26.812+0000] {processor.py:157} INFO - Started process (PID=328) to work on /opt/airflow/dags/reddit_pipeline.py
[2024-08-03T15:49:26.813+0000] {processor.py:829} INFO - Processing file /opt/airflow/dags/reddit_pipeline.py for tasks to queue
[2024-08-03T15:49:26.815+0000] {logging_mixin.py:151} INFO - [2024-08-03T15:49:26.814+0000] {dagbag.py:536} INFO - Filling up the DagBag from /opt/airflow/dags/reddit_pipeline.py
[2024-08-03T15:49:26.892+0000] {processor.py:841} WARNING - No viable dags retrieved from /opt/airflow/dags/reddit_pipeline.py
[2024-08-03T15:49:26.906+0000] {processor.py:179} INFO - Processing /opt/airflow/dags/reddit_pipeline.py took 0.097 seconds
[2024-08-03T15:49:57.127+0000] {processor.py:157} INFO - Started process (PID=330) to work on /opt/airflow/dags/reddit_pipeline.py
[2024-08-03T15:49:57.128+0000] {processor.py:829} INFO - Processing file /opt/airflow/dags/reddit_pipeline.py for tasks to queue
[2024-08-03T15:49:57.129+0000] {logging_mixin.py:151} INFO - [2024-08-03T15:49:57.129+0000] {dagbag.py:536} INFO - Filling up the DagBag from /opt/airflow/dags/reddit_pipeline.py
[2024-08-03T15:49:57.203+0000] {processor.py:841} WARNING - No viable dags retrieved from /opt/airflow/dags/reddit_pipeline.py
[2024-08-03T15:49:57.216+0000] {processor.py:179} INFO - Processing /opt/airflow/dags/reddit_pipeline.py took 0.092 seconds
[2024-08-03T15:50:27.437+0000] {processor.py:157} INFO - Started process (PID=332) to work on /opt/airflow/dags/reddit_pipeline.py
[2024-08-03T15:50:27.438+0000] {processor.py:829} INFO - Processing file /opt/airflow/dags/reddit_pipeline.py for tasks to queue
[2024-08-03T15:50:27.439+0000] {logging_mixin.py:151} INFO - [2024-08-03T15:50:27.439+0000] {dagbag.py:536} INFO - Filling up the DagBag from /opt/airflow/dags/reddit_pipeline.py
[2024-08-03T15:50:27.513+0000] {processor.py:841} WARNING - No viable dags retrieved from /opt/airflow/dags/reddit_pipeline.py
[2024-08-03T15:50:27.541+0000] {processor.py:179} INFO - Processing /opt/airflow/dags/reddit_pipeline.py took 0.107 seconds
[2024-08-03T15:50:46.694+0000] {processor.py:157} INFO - Started process (PID=334) to work on /opt/airflow/dags/reddit_pipeline.py
[2024-08-03T15:50:46.695+0000] {processor.py:829} INFO - Processing file /opt/airflow/dags/reddit_pipeline.py for tasks to queue
[2024-08-03T15:50:46.696+0000] {logging_mixin.py:151} INFO - [2024-08-03T15:50:46.696+0000] {dagbag.py:536} INFO - Filling up the DagBag from /opt/airflow/dags/reddit_pipeline.py
[2024-08-03T15:50:46.705+0000] {logging_mixin.py:151} INFO - [2024-08-03T15:50:46.705+0000] {dagbag.py:323} INFO - File /opt/airflow/dags/reddit_pipeline.py assumed to contain no DAGs. Skipping.
[2024-08-03T15:50:46.705+0000] {processor.py:841} WARNING - No viable dags retrieved from /opt/airflow/dags/reddit_pipeline.py
[2024-08-03T15:50:46.720+0000] {processor.py:179} INFO - Processing /opt/airflow/dags/reddit_pipeline.py took 0.030 seconds
[2024-08-03T15:51:16.944+0000] {processor.py:157} INFO - Started process (PID=336) to work on /opt/airflow/dags/reddit_pipeline.py
[2024-08-03T15:51:16.945+0000] {processor.py:829} INFO - Processing file /opt/airflow/dags/reddit_pipeline.py for tasks to queue
[2024-08-03T15:51:16.946+0000] {logging_mixin.py:151} INFO - [2024-08-03T15:51:16.945+0000] {dagbag.py:536} INFO - Filling up the DagBag from /opt/airflow/dags/reddit_pipeline.py
[2024-08-03T15:51:16.955+0000] {logging_mixin.py:151} INFO - [2024-08-03T15:51:16.955+0000] {dagbag.py:323} INFO - File /opt/airflow/dags/reddit_pipeline.py assumed to contain no DAGs. Skipping.
[2024-08-03T15:51:16.956+0000] {processor.py:841} WARNING - No viable dags retrieved from /opt/airflow/dags/reddit_pipeline.py
[2024-08-03T15:51:16.969+0000] {processor.py:179} INFO - Processing /opt/airflow/dags/reddit_pipeline.py took 0.029 seconds
[2024-08-03T15:51:47.177+0000] {processor.py:157} INFO - Started process (PID=338) to work on /opt/airflow/dags/reddit_pipeline.py
[2024-08-03T15:51:47.179+0000] {processor.py:829} INFO - Processing file /opt/airflow/dags/reddit_pipeline.py for tasks to queue
[2024-08-03T15:51:47.180+0000] {logging_mixin.py:151} INFO - [2024-08-03T15:51:47.179+0000] {dagbag.py:536} INFO - Filling up the DagBag from /opt/airflow/dags/reddit_pipeline.py
[2024-08-03T15:51:47.189+0000] {logging_mixin.py:151} INFO - [2024-08-03T15:51:47.189+0000] {dagbag.py:323} INFO - File /opt/airflow/dags/reddit_pipeline.py assumed to contain no DAGs. Skipping.
[2024-08-03T15:51:47.189+0000] {processor.py:841} WARNING - No viable dags retrieved from /opt/airflow/dags/reddit_pipeline.py
[2024-08-03T15:51:47.202+0000] {processor.py:179} INFO - Processing /opt/airflow/dags/reddit_pipeline.py took 0.028 seconds
[2024-08-03T15:52:17.422+0000] {processor.py:157} INFO - Started process (PID=340) to work on /opt/airflow/dags/reddit_pipeline.py
[2024-08-03T15:52:17.424+0000] {processor.py:829} INFO - Processing file /opt/airflow/dags/reddit_pipeline.py for tasks to queue
[2024-08-03T15:52:17.425+0000] {logging_mixin.py:151} INFO - [2024-08-03T15:52:17.424+0000] {dagbag.py:536} INFO - Filling up the DagBag from /opt/airflow/dags/reddit_pipeline.py
[2024-08-03T15:52:17.435+0000] {logging_mixin.py:151} INFO - [2024-08-03T15:52:17.435+0000] {dagbag.py:323} INFO - File /opt/airflow/dags/reddit_pipeline.py assumed to contain no DAGs. Skipping.
[2024-08-03T15:52:17.436+0000] {processor.py:841} WARNING - No viable dags retrieved from /opt/airflow/dags/reddit_pipeline.py
[2024-08-03T15:52:17.449+0000] {processor.py:179} INFO - Processing /opt/airflow/dags/reddit_pipeline.py took 0.029 seconds
