[2024-08-04T15:18:08.352+0000] {taskinstance.py:1159} INFO - Dependencies all met for dep_context=non-requeueable deps ti=<TaskInstance: etl_reddit_pipeline.reddit_extraction scheduled__2024-08-03T00:00:00+00:00 [queued]>
[2024-08-04T15:18:08.377+0000] {taskinstance.py:1159} INFO - Dependencies all met for dep_context=requeueable deps ti=<TaskInstance: etl_reddit_pipeline.reddit_extraction scheduled__2024-08-03T00:00:00+00:00 [queued]>
[2024-08-04T15:18:08.378+0000] {taskinstance.py:1361} INFO - Starting attempt 1 of 1
[2024-08-04T15:18:08.441+0000] {taskinstance.py:1382} INFO - Executing <Task(PythonOperator): reddit_extraction> on 2024-08-03 00:00:00+00:00
[2024-08-04T15:18:08.449+0000] {standard_task_runner.py:57} INFO - Started process 50 to run task
[2024-08-04T15:18:08.454+0000] {standard_task_runner.py:84} INFO - Running: ['airflow', 'tasks', 'run', 'etl_reddit_pipeline', 'reddit_extraction', 'scheduled__2024-08-03T00:00:00+00:00', '--job-id', '668', '--raw', '--subdir', 'DAGS_FOLDER/reddit_dag.py', '--cfg-path', '/tmp/tmpoeqfiync']
[2024-08-04T15:18:08.460+0000] {standard_task_runner.py:85} INFO - Job 668: Subtask reddit_extraction
[2024-08-04T15:18:08.580+0000] {task_command.py:416} INFO - Running <TaskInstance: etl_reddit_pipeline.reddit_extraction scheduled__2024-08-03T00:00:00+00:00 [running]> on host 8eab068d030e
[2024-08-04T15:18:08.702+0000] {taskinstance.py:1662} INFO - Exporting env vars: AIRFLOW_CTX_DAG_OWNER='Seif Yasser' AIRFLOW_CTX_DAG_ID='etl_reddit_pipeline' AIRFLOW_CTX_TASK_ID='reddit_extraction' AIRFLOW_CTX_EXECUTION_DATE='2024-08-03T00:00:00+00:00' AIRFLOW_CTX_TRY_NUMBER='1' AIRFLOW_CTX_DAG_RUN_ID='scheduled__2024-08-03T00:00:00+00:00'
[2024-08-04T15:18:09.289+0000] {logging_mixin.py:151} INFO - connected to reddit!
[2024-08-04T15:18:12.567+0000] {python.py:194} INFO - Done. Returned value was: /opt/airflow/data/output/reddit_20240804.csv
[2024-08-04T15:18:12.589+0000] {taskinstance.py:1400} INFO - Marking task as SUCCESS. dag_id=etl_reddit_pipeline, task_id=reddit_extraction, execution_date=20240803T000000, start_date=20240804T151808, end_date=20240804T151812
[2024-08-04T15:18:12.644+0000] {local_task_job_runner.py:228} INFO - Task exited with return code 0
[2024-08-04T15:18:12.662+0000] {taskinstance.py:2778} INFO - 0 downstream tasks scheduled from follow-on schedule check
[2024-08-13T19:09:16.106+0000] {taskinstance.py:1159} INFO - Dependencies all met for dep_context=non-requeueable deps ti=<TaskInstance: etl_reddit_pipeline.reddit_extraction scheduled__2024-08-03T00:00:00+00:00 [queued]>
[2024-08-13T19:09:16.211+0000] {taskinstance.py:1159} INFO - Dependencies all met for dep_context=requeueable deps ti=<TaskInstance: etl_reddit_pipeline.reddit_extraction scheduled__2024-08-03T00:00:00+00:00 [queued]>
[2024-08-13T19:09:16.230+0000] {taskinstance.py:1361} INFO - Starting attempt 1 of 1
[2024-08-13T19:09:16.390+0000] {taskinstance.py:1382} INFO - Executing <Task(PythonOperator): reddit_extraction> on 2024-08-03 00:00:00+00:00
[2024-08-13T19:09:16.410+0000] {standard_task_runner.py:57} INFO - Started process 70 to run task
[2024-08-13T19:09:16.444+0000] {standard_task_runner.py:84} INFO - Running: ['airflow', 'tasks', 'run', 'etl_reddit_pipeline', 'reddit_extraction', 'scheduled__2024-08-03T00:00:00+00:00', '--job-id', '4', '--raw', '--subdir', 'DAGS_FOLDER/reddit_dag.py', '--cfg-path', '/tmp/tmpvkdfuif4']
[2024-08-13T19:09:16.468+0000] {standard_task_runner.py:85} INFO - Job 4: Subtask reddit_extraction
[2024-08-13T19:09:17.026+0000] {task_command.py:416} INFO - Running <TaskInstance: etl_reddit_pipeline.reddit_extraction scheduled__2024-08-03T00:00:00+00:00 [running]> on host fdf0cefe5923
[2024-08-13T19:09:17.530+0000] {taskinstance.py:1662} INFO - Exporting env vars: AIRFLOW_CTX_DAG_OWNER='Seif Yasser' AIRFLOW_CTX_DAG_ID='etl_reddit_pipeline' AIRFLOW_CTX_TASK_ID='reddit_extraction' AIRFLOW_CTX_EXECUTION_DATE='2024-08-03T00:00:00+00:00' AIRFLOW_CTX_TRY_NUMBER='1' AIRFLOW_CTX_DAG_RUN_ID='scheduled__2024-08-03T00:00:00+00:00'
[2024-08-13T19:09:18.570+0000] {logging_mixin.py:151} INFO - connected to reddit!
[2024-08-13T19:09:20.088+0000] {python.py:194} INFO - Done. Returned value was: /opt/airflow/data/output/reddit_20240813.csv
[2024-08-13T19:09:20.146+0000] {taskinstance.py:1400} INFO - Marking task as SUCCESS. dag_id=etl_reddit_pipeline, task_id=reddit_extraction, execution_date=20240803T000000, start_date=20240813T190916, end_date=20240813T190920
[2024-08-13T19:09:20.225+0000] {local_task_job_runner.py:228} INFO - Task exited with return code 0
[2024-08-13T19:09:20.277+0000] {taskinstance.py:2778} INFO - 0 downstream tasks scheduled from follow-on schedule check
