[2024-08-10T16:26:17.539+0000] {taskinstance.py:1159} INFO - Dependencies all met for dep_context=non-requeueable deps ti=<TaskInstance: etl_reddit_pipeline.reddit_extraction scheduled__2024-08-08T00:00:00+00:00 [queued]>
[2024-08-10T16:26:17.557+0000] {taskinstance.py:1159} INFO - Dependencies all met for dep_context=requeueable deps ti=<TaskInstance: etl_reddit_pipeline.reddit_extraction scheduled__2024-08-08T00:00:00+00:00 [queued]>
[2024-08-10T16:26:17.557+0000] {taskinstance.py:1361} INFO - Starting attempt 1 of 1
[2024-08-10T16:26:17.700+0000] {taskinstance.py:1382} INFO - Executing <Task(PythonOperator): reddit_extraction> on 2024-08-08 00:00:00+00:00
[2024-08-10T16:26:17.706+0000] {standard_task_runner.py:57} INFO - Started process 55 to run task
[2024-08-10T16:26:17.715+0000] {standard_task_runner.py:84} INFO - Running: ['airflow', 'tasks', 'run', 'etl_reddit_pipeline', 'reddit_extraction', 'scheduled__2024-08-08T00:00:00+00:00', '--job-id', '680', '--raw', '--subdir', 'DAGS_FOLDER/reddit_dag.py', '--cfg-path', '/tmp/tmpe7zsxvoq']
[2024-08-10T16:26:17.721+0000] {standard_task_runner.py:85} INFO - Job 680: Subtask reddit_extraction
[2024-08-10T16:26:17.849+0000] {task_command.py:416} INFO - Running <TaskInstance: etl_reddit_pipeline.reddit_extraction scheduled__2024-08-08T00:00:00+00:00 [running]> on host 8eab068d030e
[2024-08-10T16:26:18.053+0000] {taskinstance.py:1662} INFO - Exporting env vars: AIRFLOW_CTX_DAG_OWNER='Seif Yasser' AIRFLOW_CTX_DAG_ID='etl_reddit_pipeline' AIRFLOW_CTX_TASK_ID='reddit_extraction' AIRFLOW_CTX_EXECUTION_DATE='2024-08-08T00:00:00+00:00' AIRFLOW_CTX_TRY_NUMBER='1' AIRFLOW_CTX_DAG_RUN_ID='scheduled__2024-08-08T00:00:00+00:00'
[2024-08-10T16:26:18.421+0000] {logging_mixin.py:151} INFO - connected to reddit!
[2024-08-10T16:26:19.656+0000] {python.py:194} INFO - Done. Returned value was: /opt/airflow/data/output/reddit_20240810.csv
[2024-08-10T16:26:19.731+0000] {taskinstance.py:1400} INFO - Marking task as SUCCESS. dag_id=etl_reddit_pipeline, task_id=reddit_extraction, execution_date=20240808T000000, start_date=20240810T162617, end_date=20240810T162619
[2024-08-10T16:26:19.778+0000] {local_task_job_runner.py:228} INFO - Task exited with return code 0
[2024-08-10T16:26:19.807+0000] {taskinstance.py:2778} INFO - 0 downstream tasks scheduled from follow-on schedule check
[2024-08-13T19:09:18.832+0000] {taskinstance.py:1159} INFO - Dependencies all met for dep_context=non-requeueable deps ti=<TaskInstance: etl_reddit_pipeline.reddit_extraction scheduled__2024-08-08T00:00:00+00:00 [queued]>
[2024-08-13T19:09:18.866+0000] {taskinstance.py:1159} INFO - Dependencies all met for dep_context=requeueable deps ti=<TaskInstance: etl_reddit_pipeline.reddit_extraction scheduled__2024-08-08T00:00:00+00:00 [queued]>
[2024-08-13T19:09:18.866+0000] {taskinstance.py:1361} INFO - Starting attempt 1 of 1
[2024-08-13T19:09:18.910+0000] {taskinstance.py:1382} INFO - Executing <Task(PythonOperator): reddit_extraction> on 2024-08-08 00:00:00+00:00
[2024-08-13T19:09:18.920+0000] {standard_task_runner.py:57} INFO - Started process 79 to run task
[2024-08-13T19:09:18.928+0000] {standard_task_runner.py:84} INFO - Running: ['airflow', 'tasks', 'run', 'etl_reddit_pipeline', 'reddit_extraction', 'scheduled__2024-08-08T00:00:00+00:00', '--job-id', '9', '--raw', '--subdir', 'DAGS_FOLDER/reddit_dag.py', '--cfg-path', '/tmp/tmpmsg36oad']
[2024-08-13T19:09:18.944+0000] {standard_task_runner.py:85} INFO - Job 9: Subtask reddit_extraction
[2024-08-13T19:09:19.089+0000] {task_command.py:416} INFO - Running <TaskInstance: etl_reddit_pipeline.reddit_extraction scheduled__2024-08-08T00:00:00+00:00 [running]> on host fdf0cefe5923
[2024-08-13T19:09:19.340+0000] {taskinstance.py:1662} INFO - Exporting env vars: AIRFLOW_CTX_DAG_OWNER='Seif Yasser' AIRFLOW_CTX_DAG_ID='etl_reddit_pipeline' AIRFLOW_CTX_TASK_ID='reddit_extraction' AIRFLOW_CTX_EXECUTION_DATE='2024-08-08T00:00:00+00:00' AIRFLOW_CTX_TRY_NUMBER='1' AIRFLOW_CTX_DAG_RUN_ID='scheduled__2024-08-08T00:00:00+00:00'
[2024-08-13T19:09:19.868+0000] {logging_mixin.py:151} INFO - connected to reddit!
[2024-08-13T19:09:21.449+0000] {python.py:194} INFO - Done. Returned value was: /opt/airflow/data/output/reddit_20240813.csv
[2024-08-13T19:09:21.564+0000] {taskinstance.py:1400} INFO - Marking task as SUCCESS. dag_id=etl_reddit_pipeline, task_id=reddit_extraction, execution_date=20240808T000000, start_date=20240813T190918, end_date=20240813T190921
[2024-08-13T19:09:21.636+0000] {local_task_job_runner.py:228} INFO - Task exited with return code 0
[2024-08-13T19:09:21.697+0000] {taskinstance.py:2778} INFO - 0 downstream tasks scheduled from follow-on schedule check
